<!DOCTYPE html>
<html>

<head>
    <meta charset="utf-8" />
    <title>Test Report</title>
    <link rel="stylesheet" href="static/style.css">
</head>

<body onLoad="init()">
    <script src="static/script.js"></script>
    <h1>Race Test Report</h1>
    <p>Report generated: 2019-02-11 01:15:35.</p>
    <h2>Environment</h2>
    <table id="environment">
        <tr>
            <td>Platform</td>
            <td>Windows-7-6.1.7601-SP1</td>
        </tr>
        <tr>
            <td>Python</td>
            <td>3.6.6</td>
        </tr>
    </table>

    <h1>Results</h1>
    <p>200 tests ran in 0.9949996471405029 seconds. </p>

    
        <h2> Results</h2>
        
            
            <table class="results-table summary-table">
                <tr>
                    <th>random_seed</th>
                    <th>Pass %</th>
                    <th>Total Passed Tests</th>
                    <th>Total Skipped Tests</th>
                    <th>Total Failed Tests</th>
                    <th>Total Errors</th>
                    <th>Total xPassed Tests</th>
                    <th>Total xFailed Tests</th>
                </tr>
                <tr class="results-table-row">
                        <td onclick="scroll_to(this)" class="scroller" id="0">0</td>
                        <td class="summary-result rel_pass"></td>
                        <td class="summary-result">16</td>
                        <td class="summary-result">0</td>
                        <td class="summary-result">4</td>
                        <td class="summary-result">0</td>
                        <td class="summary-result">0</td>
                        <td class="summary-result">0</td>
                    </tr><tr class="results-table-row">
                        <td onclick="scroll_to(this)" class="scroller" id="1">1</td>
                        <td class="summary-result rel_pass"></td>
                        <td class="summary-result">12</td>
                        <td class="summary-result">0</td>
                        <td class="summary-result">8</td>
                        <td class="summary-result">0</td>
                        <td class="summary-result">0</td>
                        <td class="summary-result">0</td>
                    </tr><tr class="results-table-row">
                        <td onclick="scroll_to(this)" class="scroller" id="2">2</td>
                        <td class="summary-result rel_pass"></td>
                        <td class="summary-result">14</td>
                        <td class="summary-result">0</td>
                        <td class="summary-result">6</td>
                        <td class="summary-result">0</td>
                        <td class="summary-result">0</td>
                        <td class="summary-result">0</td>
                    </tr><tr class="results-table-row">
                        <td onclick="scroll_to(this)" class="scroller" id="3">3</td>
                        <td class="summary-result rel_pass"></td>
                        <td class="summary-result">14</td>
                        <td class="summary-result">0</td>
                        <td class="summary-result">6</td>
                        <td class="summary-result">0</td>
                        <td class="summary-result">0</td>
                        <td class="summary-result">0</td>
                    </tr><tr class="results-table-row">
                        <td onclick="scroll_to(this)" class="scroller" id="4">4</td>
                        <td class="summary-result rel_pass"></td>
                        <td class="summary-result">18</td>
                        <td class="summary-result">0</td>
                        <td class="summary-result">2</td>
                        <td class="summary-result">0</td>
                        <td class="summary-result">0</td>
                        <td class="summary-result">0</td>
                    </tr><tr class="results-table-row">
                        <td onclick="scroll_to(this)" class="scroller" id="5">5</td>
                        <td class="summary-result rel_pass"></td>
                        <td class="summary-result">14</td>
                        <td class="summary-result">0</td>
                        <td class="summary-result">6</td>
                        <td class="summary-result">0</td>
                        <td class="summary-result">0</td>
                        <td class="summary-result">0</td>
                    </tr><tr class="results-table-row">
                        <td onclick="scroll_to(this)" class="scroller" id="6">6</td>
                        <td class="summary-result rel_pass"></td>
                        <td class="summary-result">16</td>
                        <td class="summary-result">0</td>
                        <td class="summary-result">4</td>
                        <td class="summary-result">0</td>
                        <td class="summary-result">0</td>
                        <td class="summary-result">0</td>
                    </tr><tr class="results-table-row">
                        <td onclick="scroll_to(this)" class="scroller" id="7">7</td>
                        <td class="summary-result rel_pass"></td>
                        <td class="summary-result">16</td>
                        <td class="summary-result">0</td>
                        <td class="summary-result">4</td>
                        <td class="summary-result">0</td>
                        <td class="summary-result">0</td>
                        <td class="summary-result">0</td>
                    </tr><tr class="results-table-row">
                        <td onclick="scroll_to(this)" class="scroller" id="8">8</td>
                        <td class="summary-result rel_pass"></td>
                        <td class="summary-result">18</td>
                        <td class="summary-result">0</td>
                        <td class="summary-result">2</td>
                        <td class="summary-result">0</td>
                        <td class="summary-result">0</td>
                        <td class="summary-result">0</td>
                    </tr><tr class="results-table-row">
                        <td onclick="scroll_to(this)" class="scroller" id="9">9</td>
                        <td class="summary-result rel_pass"></td>
                        <td class="summary-result">12</td>
                        <td class="summary-result">0</td>
                        <td class="summary-result">8</td>
                        <td class="summary-result">0</td>
                        <td class="summary-result">0</td>
                        <td class="summary-result">0</td>
                    </tr>
                <tr style="font-weight:bold">
                    <td>Totals</td>
                    <td class="rel_pass"></td>
                    <td>150</td>
                    <td>0</td>
                    <td>50</td>
                    <td>0</td>
                    <td>0</td>
                    <td>0</td>
                </tr>
            </table>
            
            
        <h2>random_seed 0</h2>
        
            
            <table class="results-table summary-table">
                <tr>
                    <th>model</th>
                    <th>Pass %</th>
                    <th>Total Passed Tests</th>
                    <th>Total Skipped Tests</th>
                    <th>Total Failed Tests</th>
                    <th>Total Errors</th>
                    <th>Total xPassed Tests</th>
                    <th>Total xFailed Tests</th>
                </tr>
                <tr class="results-table-row">
                        <td onclick="scroll_to(this)" class="scroller" id="mustang">mustang</td>
                        <td class="summary-result rel_pass"></td>
                        <td class="summary-result">10</td>
                        <td class="summary-result">0</td>
                        <td class="summary-result">0</td>
                        <td class="summary-result">0</td>
                        <td class="summary-result">0</td>
                        <td class="summary-result">0</td>
                    </tr><tr class="results-table-row">
                        <td onclick="scroll_to(this)" class="scroller" id="fiesta">fiesta</td>
                        <td class="summary-result rel_pass"></td>
                        <td class="summary-result">6</td>
                        <td class="summary-result">0</td>
                        <td class="summary-result">4</td>
                        <td class="summary-result">0</td>
                        <td class="summary-result">0</td>
                        <td class="summary-result">0</td>
                    </tr>
                <tr style="font-weight:bold">
                    <td>Totals</td>
                    <td class="rel_pass"></td>
                    <td>16</td>
                    <td>0</td>
                    <td>4</td>
                    <td>0</td>
                    <td>0</td>
                    <td>0</td>
                </tr>
            </table>
            
            
        <h2>model mustang</h2>
        
            
            
            <input 
                    checked="true" 
                    class="filter" 
                    data-suffix-id="mustang-mustang" 
                    data-test-result="passed" 
                    hidden="true" 
                    name="filter_checkbox" 
                    onChange="filter_table(this)" 
                    type="checkbox" 
                />
                <span class="passed">10 passed</span>
            <input 
                    checked="true" 
                    class="filter" 
                    data-suffix-id="mustang-mustang" 
                    data-test-result="skipped" 
                    hidden="true" 
                    name="filter_checkbox" 
                    onChange="filter_table(this)" 
                    type="checkbox" 
                />
                <span class="skipped">0 skipped</span>
            <input 
                    checked="true" 
                    class="filter" 
                    data-suffix-id="mustang-mustang" 
                    data-test-result="failed" 
                    hidden="true" 
                    name="filter_checkbox" 
                    onChange="filter_table(this)" 
                    type="checkbox" 
                />
                <span class="failed">0 failed</span>
            <input 
                    checked="true" 
                    class="filter" 
                    data-suffix-id="mustang-mustang" 
                    data-test-result="error" 
                    hidden="true" 
                    name="filter_checkbox" 
                    onChange="filter_table(this)" 
                    type="checkbox" 
                />
                <span class="error">0 error</span>
            <input 
                    checked="true" 
                    class="filter" 
                    data-suffix-id="mustang-mustang" 
                    data-test-result="xpassed" 
                    hidden="true" 
                    name="filter_checkbox" 
                    onChange="filter_table(this)" 
                    type="checkbox" 
                />
                <span class="xpassed">0 xpassed</span>
            <input 
                    checked="true" 
                    class="filter" 
                    data-suffix-id="mustang-mustang" 
                    data-test-result="xfailed" 
                    hidden="true" 
                    name="filter_checkbox" 
                    onChange="filter_table(this)" 
                    type="checkbox" 
                />
                <span class="xfailed">0 xfailed</span>
            
            <table class="results-table mustang" id="results-table-mustang">
                <thead id="_default-results-table-head">
                    <tr>
                        <th class="sortable result initial-sort" col="result">Result</th>
                        <th class="sortable" col="name">Test</th>
                        <th class="sortable numeric" col="duration">Duration</th>
                    </tr>
                    <tr hidden="true" id="not-found-messagemustang">
                        <th colspan="3">No results found. Try to check the filters</th>
                    </tr>
                </thead>
                <tbody class="passed results-table-row">
                        <tr>
                            <td class="col-result">passed</td>
                            <td class="col-name">tests/test_main.py::test_mustang_engine_cylinders[0-0]</td>
                            <td class="col-duration">0.002</td>
                        </tr>
                        <tr>
                            <td class="extra" colspan="3">
                                <div class="log">No log found.</div>
                            </td>
                        </tr>
                    </tbody><tbody class="passed results-table-row">
                        <tr>
                            <td class="col-result">passed</td>
                            <td class="col-name">tests/test_main.py::test_mustang_engine_cylinders[1-0]</td>
                            <td class="col-duration">0.002</td>
                        </tr>
                        <tr>
                            <td class="extra" colspan="3">
                                <div class="log">No log found.</div>
                            </td>
                        </tr>
                    </tbody><tbody class="passed results-table-row">
                        <tr>
                            <td class="col-result">passed</td>
                            <td class="col-name">tests/test_main.py::test_mustang_wheel_diameter_gt_14[0-0-0]</td>
                            <td class="col-duration">0.004</td>
                        </tr>
                        <tr>
                            <td class="extra" colspan="3">
                                <div class="log">No log found.</div>
                            </td>
                        </tr>
                    </tbody><tbody class="passed results-table-row">
                        <tr>
                            <td class="col-result">passed</td>
                            <td class="col-name">tests/test_main.py::test_mustang_wheel_diameter_gt_14[0-0-1]</td>
                            <td class="col-duration">0.002</td>
                        </tr>
                        <tr>
                            <td class="extra" colspan="3">
                                <div class="log">No log found.</div>
                            </td>
                        </tr>
                    </tbody><tbody class="passed results-table-row">
                        <tr>
                            <td class="col-result">passed</td>
                            <td class="col-name">tests/test_main.py::test_mustang_wheel_diameter_gt_14[0-0-2]</td>
                            <td class="col-duration">0.002</td>
                        </tr>
                        <tr>
                            <td class="extra" colspan="3">
                                <div class="log">No log found.</div>
                            </td>
                        </tr>
                    </tbody><tbody class="passed results-table-row">
                        <tr>
                            <td class="col-result">passed</td>
                            <td class="col-name">tests/test_main.py::test_mustang_wheel_diameter_gt_14[0-0-3]</td>
                            <td class="col-duration">0.002</td>
                        </tr>
                        <tr>
                            <td class="extra" colspan="3">
                                <div class="log">No log found.</div>
                            </td>
                        </tr>
                    </tbody><tbody class="passed results-table-row">
                        <tr>
                            <td class="col-result">passed</td>
                            <td class="col-name">tests/test_main.py::test_mustang_wheel_diameter_gt_14[1-0-0]</td>
                            <td class="col-duration">0.001</td>
                        </tr>
                        <tr>
                            <td class="extra" colspan="3">
                                <div class="log">No log found.</div>
                            </td>
                        </tr>
                    </tbody><tbody class="passed results-table-row">
                        <tr>
                            <td class="col-result">passed</td>
                            <td class="col-name">tests/test_main.py::test_mustang_wheel_diameter_gt_14[1-0-1]</td>
                            <td class="col-duration">0.002</td>
                        </tr>
                        <tr>
                            <td class="extra" colspan="3">
                                <div class="log">No log found.</div>
                            </td>
                        </tr>
                    </tbody><tbody class="passed results-table-row">
                        <tr>
                            <td class="col-result">passed</td>
                            <td class="col-name">tests/test_main.py::test_mustang_wheel_diameter_gt_14[1-0-2]</td>
                            <td class="col-duration">0.002</td>
                        </tr>
                        <tr>
                            <td class="extra" colspan="3">
                                <div class="log">No log found.</div>
                            </td>
                        </tr>
                    </tbody><tbody class="passed results-table-row">
                        <tr>
                            <td class="col-result">passed</td>
                            <td class="col-name">tests/test_main.py::test_mustang_wheel_diameter_gt_14[1-0-3]</td>
                            <td class="col-duration">0.002</td>
                        </tr>
                        <tr>
                            <td class="extra" colspan="3">
                                <div class="log">No log found.</div>
                            </td>
                        </tr>
                    </tbody>
            </table>
        
    
        <h2>model fiesta</h2>
        
            
            
            <input 
                    checked="true" 
                    class="filter" 
                    data-suffix-id="fiesta-fiesta" 
                    data-test-result="passed" 
                    hidden="true" 
                    name="filter_checkbox" 
                    onChange="filter_table(this)" 
                    type="checkbox" 
                />
                <span class="passed">6 passed</span>
            <input 
                    checked="true" 
                    class="filter" 
                    data-suffix-id="fiesta-fiesta" 
                    data-test-result="skipped" 
                    hidden="true" 
                    name="filter_checkbox" 
                    onChange="filter_table(this)" 
                    type="checkbox" 
                />
                <span class="skipped">0 skipped</span>
            <input 
                    checked="true" 
                    class="filter" 
                    data-suffix-id="fiesta-fiesta" 
                    data-test-result="failed" 
                    hidden="true" 
                    name="filter_checkbox" 
                    onChange="filter_table(this)" 
                    type="checkbox" 
                />
                <span class="failed">4 failed</span>
            <input 
                    checked="true" 
                    class="filter" 
                    data-suffix-id="fiesta-fiesta" 
                    data-test-result="error" 
                    hidden="true" 
                    name="filter_checkbox" 
                    onChange="filter_table(this)" 
                    type="checkbox" 
                />
                <span class="error">0 error</span>
            <input 
                    checked="true" 
                    class="filter" 
                    data-suffix-id="fiesta-fiesta" 
                    data-test-result="xpassed" 
                    hidden="true" 
                    name="filter_checkbox" 
                    onChange="filter_table(this)" 
                    type="checkbox" 
                />
                <span class="xpassed">0 xpassed</span>
            <input 
                    checked="true" 
                    class="filter" 
                    data-suffix-id="fiesta-fiesta" 
                    data-test-result="xfailed" 
                    hidden="true" 
                    name="filter_checkbox" 
                    onChange="filter_table(this)" 
                    type="checkbox" 
                />
                <span class="xfailed">0 xfailed</span>
            
            <table class="results-table fiesta" id="results-table-fiesta">
                <thead id="_default-results-table-head">
                    <tr>
                        <th class="sortable result initial-sort" col="result">Result</th>
                        <th class="sortable" col="name">Test</th>
                        <th class="sortable numeric" col="duration">Duration</th>
                    </tr>
                    <tr hidden="true" id="not-found-messagefiesta">
                        <th colspan="3">No results found. Try to check the filters</th>
                    </tr>
                </thead>
                <tbody class="passed results-table-row">
                        <tr>
                            <td class="col-result">passed</td>
                            <td class="col-name">tests/test_main.py::test_fiesta_engine_cylinders[0-0]</td>
                            <td class="col-duration">0.001</td>
                        </tr>
                        <tr>
                            <td class="extra" colspan="3">
                                <div class="log">No log found.</div>
                            </td>
                        </tr>
                    </tbody><tbody class="passed results-table-row">
                        <tr>
                            <td class="col-result">passed</td>
                            <td class="col-name">tests/test_main.py::test_fiesta_engine_cylinders[1-0]</td>
                            <td class="col-duration">0.001</td>
                        </tr>
                        <tr>
                            <td class="extra" colspan="3">
                                <div class="log">No log found.</div>
                            </td>
                        </tr>
                    </tbody><tbody class="passed results-table-row">
                        <tr>
                            <td class="col-result">passed</td>
                            <td class="col-name">tests/test_main.py::test_fiesta_wheel_diameter_gt_12[0-0-0]</td>
                            <td class="col-duration">0.002</td>
                        </tr>
                        <tr>
                            <td class="extra" colspan="3">
                                <div class="log">No log found.</div>
                            </td>
                        </tr>
                    </tbody><tbody class="passed results-table-row">
                        <tr>
                            <td class="col-result">passed</td>
                            <td class="col-name">tests/test_main.py::test_fiesta_wheel_diameter_gt_12[0-0-1]</td>
                            <td class="col-duration">0.001</td>
                        </tr>
                        <tr>
                            <td class="extra" colspan="3">
                                <div class="log">No log found.</div>
                            </td>
                        </tr>
                    </tbody><tbody class="failed results-table-row">
                        <tr>
                            <td class="col-result">failed</td>
                            <td class="col-name">tests/test_main.py::test_fiesta_wheel_diameter_gt_12[0-0-2]</td>
                            <td class="col-duration">0.003</td>
                        </tr>
                        <tr>
                            <td class="extra" colspan="3">
                                <div class="log">fiesta = <racetest.ford.Fiesta object at 0x00000000046BF898>, wheel_num = 2

    @pytest.mark.parametrize('wheel_num', [0,1,2,3])
    def test_fiesta_wheel_diameter_gt_12(fiesta, wheel_num):
        wheel = fiesta.wheels[wheel_num]
>       assert wheel.diameter >= 16
E       assert 15.511361060061795 >= 16
E        +  where 15.511361060061795 = <racetest.car.Wheel object at 0x00000000046BF438>.diameter

tests\test_main.py:19: AssertionError</div>
                            </td>
                        </tr>
                    </tbody><tbody class="failed results-table-row">
                        <tr>
                            <td class="col-result">failed</td>
                            <td class="col-name">tests/test_main.py::test_fiesta_wheel_diameter_gt_12[0-0-3]</td>
                            <td class="col-duration">0.002</td>
                        </tr>
                        <tr>
                            <td class="extra" colspan="3">
                                <div class="log">fiesta = <racetest.ford.Fiesta object at 0x00000000046ED470>, wheel_num = 3

    @pytest.mark.parametrize('wheel_num', [0,1,2,3])
    def test_fiesta_wheel_diameter_gt_12(fiesta, wheel_num):
        wheel = fiesta.wheels[wheel_num]
>       assert wheel.diameter >= 16
E       assert 15.924321395851152 >= 16
E        +  where 15.924321395851152 = <racetest.car.Wheel object at 0x00000000046ED0F0>.diameter

tests\test_main.py:19: AssertionError</div>
                            </td>
                        </tr>
                    </tbody><tbody class="passed results-table-row">
                        <tr>
                            <td class="col-result">passed</td>
                            <td class="col-name">tests/test_main.py::test_fiesta_wheel_diameter_gt_12[1-0-0]</td>
                            <td class="col-duration">0.003</td>
                        </tr>
                        <tr>
                            <td class="extra" colspan="3">
                                <div class="log">No log found.</div>
                            </td>
                        </tr>
                    </tbody><tbody class="passed results-table-row">
                        <tr>
                            <td class="col-result">passed</td>
                            <td class="col-name">tests/test_main.py::test_fiesta_wheel_diameter_gt_12[1-0-1]</td>
                            <td class="col-duration">0.004</td>
                        </tr>
                        <tr>
                            <td class="extra" colspan="3">
                                <div class="log">No log found.</div>
                            </td>
                        </tr>
                    </tbody><tbody class="failed results-table-row">
                        <tr>
                            <td class="col-result">failed</td>
                            <td class="col-name">tests/test_main.py::test_fiesta_wheel_diameter_gt_12[1-0-2]</td>
                            <td class="col-duration">0.003</td>
                        </tr>
                        <tr>
                            <td class="extra" colspan="3">
                                <div class="log">fiesta = <racetest.ford.Fiesta object at 0x0000000004753F28>, wheel_num = 2

    @pytest.mark.parametrize('wheel_num', [0,1,2,3])
    def test_fiesta_wheel_diameter_gt_12(fiesta, wheel_num):
        wheel = fiesta.wheels[wheel_num]
>       assert wheel.diameter >= 16
E       assert 15.511361060061795 >= 16
E        +  where 15.511361060061795 = <racetest.car.Wheel object at 0x0000000004753940>.diameter

tests\test_main.py:19: AssertionError</div>
                            </td>
                        </tr>
                    </tbody><tbody class="failed results-table-row">
                        <tr>
                            <td class="col-result">failed</td>
                            <td class="col-name">tests/test_main.py::test_fiesta_wheel_diameter_gt_12[1-0-3]</td>
                            <td class="col-duration">0.001</td>
                        </tr>
                        <tr>
                            <td class="extra" colspan="3">
                                <div class="log">fiesta = <racetest.ford.Fiesta object at 0x000000000476C2B0>, wheel_num = 3

    @pytest.mark.parametrize('wheel_num', [0,1,2,3])
    def test_fiesta_wheel_diameter_gt_12(fiesta, wheel_num):
        wheel = fiesta.wheels[wheel_num]
>       assert wheel.diameter >= 16
E       assert 15.924321395851152 >= 16
E        +  where 15.924321395851152 = <racetest.car.Wheel object at 0x000000000476C160>.diameter

tests\test_main.py:19: AssertionError</div>
                            </td>
                        </tr>
                    </tbody>
            </table>
        
    
        
    
        <h2>random_seed 1</h2>
        
            
            <table class="results-table summary-table">
                <tr>
                    <th>model</th>
                    <th>Pass %</th>
                    <th>Total Passed Tests</th>
                    <th>Total Skipped Tests</th>
                    <th>Total Failed Tests</th>
                    <th>Total Errors</th>
                    <th>Total xPassed Tests</th>
                    <th>Total xFailed Tests</th>
                </tr>
                <tr class="results-table-row">
                        <td onclick="scroll_to(this)" class="scroller" id="mustang">mustang</td>
                        <td class="summary-result rel_pass"></td>
                        <td class="summary-result">10</td>
                        <td class="summary-result">0</td>
                        <td class="summary-result">0</td>
                        <td class="summary-result">0</td>
                        <td class="summary-result">0</td>
                        <td class="summary-result">0</td>
                    </tr><tr class="results-table-row">
                        <td onclick="scroll_to(this)" class="scroller" id="fiesta">fiesta</td>
                        <td class="summary-result rel_pass"></td>
                        <td class="summary-result">2</td>
                        <td class="summary-result">0</td>
                        <td class="summary-result">8</td>
                        <td class="summary-result">0</td>
                        <td class="summary-result">0</td>
                        <td class="summary-result">0</td>
                    </tr>
                <tr style="font-weight:bold">
                    <td>Totals</td>
                    <td class="rel_pass"></td>
                    <td>12</td>
                    <td>0</td>
                    <td>8</td>
                    <td>0</td>
                    <td>0</td>
                    <td>0</td>
                </tr>
            </table>
            
            
        <h2>model mustang</h2>
        
            
            
            <input 
                    checked="true" 
                    class="filter" 
                    data-suffix-id="mustang-mustang" 
                    data-test-result="passed" 
                    hidden="true" 
                    name="filter_checkbox" 
                    onChange="filter_table(this)" 
                    type="checkbox" 
                />
                <span class="passed">10 passed</span>
            <input 
                    checked="true" 
                    class="filter" 
                    data-suffix-id="mustang-mustang" 
                    data-test-result="skipped" 
                    hidden="true" 
                    name="filter_checkbox" 
                    onChange="filter_table(this)" 
                    type="checkbox" 
                />
                <span class="skipped">0 skipped</span>
            <input 
                    checked="true" 
                    class="filter" 
                    data-suffix-id="mustang-mustang" 
                    data-test-result="failed" 
                    hidden="true" 
                    name="filter_checkbox" 
                    onChange="filter_table(this)" 
                    type="checkbox" 
                />
                <span class="failed">0 failed</span>
            <input 
                    checked="true" 
                    class="filter" 
                    data-suffix-id="mustang-mustang" 
                    data-test-result="error" 
                    hidden="true" 
                    name="filter_checkbox" 
                    onChange="filter_table(this)" 
                    type="checkbox" 
                />
                <span class="error">0 error</span>
            <input 
                    checked="true" 
                    class="filter" 
                    data-suffix-id="mustang-mustang" 
                    data-test-result="xpassed" 
                    hidden="true" 
                    name="filter_checkbox" 
                    onChange="filter_table(this)" 
                    type="checkbox" 
                />
                <span class="xpassed">0 xpassed</span>
            <input 
                    checked="true" 
                    class="filter" 
                    data-suffix-id="mustang-mustang" 
                    data-test-result="xfailed" 
                    hidden="true" 
                    name="filter_checkbox" 
                    onChange="filter_table(this)" 
                    type="checkbox" 
                />
                <span class="xfailed">0 xfailed</span>
            
            <table class="results-table mustang" id="results-table-mustang">
                <thead id="_default-results-table-head">
                    <tr>
                        <th class="sortable result initial-sort" col="result">Result</th>
                        <th class="sortable" col="name">Test</th>
                        <th class="sortable numeric" col="duration">Duration</th>
                    </tr>
                    <tr hidden="true" id="not-found-messagemustang">
                        <th colspan="3">No results found. Try to check the filters</th>
                    </tr>
                </thead>
                <tbody class="passed results-table-row">
                        <tr>
                            <td class="col-result">passed</td>
                            <td class="col-name">tests/test_main.py::test_mustang_engine_cylinders[0-1]</td>
                            <td class="col-duration">0.001</td>
                        </tr>
                        <tr>
                            <td class="extra" colspan="3">
                                <div class="log">No log found.</div>
                            </td>
                        </tr>
                    </tbody><tbody class="passed results-table-row">
                        <tr>
                            <td class="col-result">passed</td>
                            <td class="col-name">tests/test_main.py::test_mustang_engine_cylinders[1-1]</td>
                            <td class="col-duration">0.002</td>
                        </tr>
                        <tr>
                            <td class="extra" colspan="3">
                                <div class="log">No log found.</div>
                            </td>
                        </tr>
                    </tbody><tbody class="passed results-table-row">
                        <tr>
                            <td class="col-result">passed</td>
                            <td class="col-name">tests/test_main.py::test_mustang_wheel_diameter_gt_14[0-1-0]</td>
                            <td class="col-duration">0.001</td>
                        </tr>
                        <tr>
                            <td class="extra" colspan="3">
                                <div class="log">No log found.</div>
                            </td>
                        </tr>
                    </tbody><tbody class="passed results-table-row">
                        <tr>
                            <td class="col-result">passed</td>
                            <td class="col-name">tests/test_main.py::test_mustang_wheel_diameter_gt_14[0-1-1]</td>
                            <td class="col-duration">0.002</td>
                        </tr>
                        <tr>
                            <td class="extra" colspan="3">
                                <div class="log">No log found.</div>
                            </td>
                        </tr>
                    </tbody><tbody class="passed results-table-row">
                        <tr>
                            <td class="col-result">passed</td>
                            <td class="col-name">tests/test_main.py::test_mustang_wheel_diameter_gt_14[0-1-2]</td>
                            <td class="col-duration">0.002</td>
                        </tr>
                        <tr>
                            <td class="extra" colspan="3">
                                <div class="log">No log found.</div>
                            </td>
                        </tr>
                    </tbody><tbody class="passed results-table-row">
                        <tr>
                            <td class="col-result">passed</td>
                            <td class="col-name">tests/test_main.py::test_mustang_wheel_diameter_gt_14[0-1-3]</td>
                            <td class="col-duration">0.001</td>
                        </tr>
                        <tr>
                            <td class="extra" colspan="3">
                                <div class="log">No log found.</div>
                            </td>
                        </tr>
                    </tbody><tbody class="passed results-table-row">
                        <tr>
                            <td class="col-result">passed</td>
                            <td class="col-name">tests/test_main.py::test_mustang_wheel_diameter_gt_14[1-1-0]</td>
                            <td class="col-duration">0.002</td>
                        </tr>
                        <tr>
                            <td class="extra" colspan="3">
                                <div class="log">No log found.</div>
                            </td>
                        </tr>
                    </tbody><tbody class="passed results-table-row">
                        <tr>
                            <td class="col-result">passed</td>
                            <td class="col-name">tests/test_main.py::test_mustang_wheel_diameter_gt_14[1-1-1]</td>
                            <td class="col-duration">0.002</td>
                        </tr>
                        <tr>
                            <td class="extra" colspan="3">
                                <div class="log">No log found.</div>
                            </td>
                        </tr>
                    </tbody><tbody class="passed results-table-row">
                        <tr>
                            <td class="col-result">passed</td>
                            <td class="col-name">tests/test_main.py::test_mustang_wheel_diameter_gt_14[1-1-2]</td>
                            <td class="col-duration">0.001</td>
                        </tr>
                        <tr>
                            <td class="extra" colspan="3">
                                <div class="log">No log found.</div>
                            </td>
                        </tr>
                    </tbody><tbody class="passed results-table-row">
                        <tr>
                            <td class="col-result">passed</td>
                            <td class="col-name">tests/test_main.py::test_mustang_wheel_diameter_gt_14[1-1-3]</td>
                            <td class="col-duration">0.001</td>
                        </tr>
                        <tr>
                            <td class="extra" colspan="3">
                                <div class="log">No log found.</div>
                            </td>
                        </tr>
                    </tbody>
            </table>
        
    
        <h2>model fiesta</h2>
        
            
            
            <input 
                    checked="true" 
                    class="filter" 
                    data-suffix-id="fiesta-fiesta" 
                    data-test-result="passed" 
                    hidden="true" 
                    name="filter_checkbox" 
                    onChange="filter_table(this)" 
                    type="checkbox" 
                />
                <span class="passed">2 passed</span>
            <input 
                    checked="true" 
                    class="filter" 
                    data-suffix-id="fiesta-fiesta" 
                    data-test-result="skipped" 
                    hidden="true" 
                    name="filter_checkbox" 
                    onChange="filter_table(this)" 
                    type="checkbox" 
                />
                <span class="skipped">0 skipped</span>
            <input 
                    checked="true" 
                    class="filter" 
                    data-suffix-id="fiesta-fiesta" 
                    data-test-result="failed" 
                    hidden="true" 
                    name="filter_checkbox" 
                    onChange="filter_table(this)" 
                    type="checkbox" 
                />
                <span class="failed">8 failed</span>
            <input 
                    checked="true" 
                    class="filter" 
                    data-suffix-id="fiesta-fiesta" 
                    data-test-result="error" 
                    hidden="true" 
                    name="filter_checkbox" 
                    onChange="filter_table(this)" 
                    type="checkbox" 
                />
                <span class="error">0 error</span>
            <input 
                    checked="true" 
                    class="filter" 
                    data-suffix-id="fiesta-fiesta" 
                    data-test-result="xpassed" 
                    hidden="true" 
                    name="filter_checkbox" 
                    onChange="filter_table(this)" 
                    type="checkbox" 
                />
                <span class="xpassed">0 xpassed</span>
            <input 
                    checked="true" 
                    class="filter" 
                    data-suffix-id="fiesta-fiesta" 
                    data-test-result="xfailed" 
                    hidden="true" 
                    name="filter_checkbox" 
                    onChange="filter_table(this)" 
                    type="checkbox" 
                />
                <span class="xfailed">0 xfailed</span>
            
            <table class="results-table fiesta" id="results-table-fiesta">
                <thead id="_default-results-table-head">
                    <tr>
                        <th class="sortable result initial-sort" col="result">Result</th>
                        <th class="sortable" col="name">Test</th>
                        <th class="sortable numeric" col="duration">Duration</th>
                    </tr>
                    <tr hidden="true" id="not-found-messagefiesta">
                        <th colspan="3">No results found. Try to check the filters</th>
                    </tr>
                </thead>
                <tbody class="passed results-table-row">
                        <tr>
                            <td class="col-result">passed</td>
                            <td class="col-name">tests/test_main.py::test_fiesta_engine_cylinders[0-1]</td>
                            <td class="col-duration">0.001</td>
                        </tr>
                        <tr>
                            <td class="extra" colspan="3">
                                <div class="log">No log found.</div>
                            </td>
                        </tr>
                    </tbody><tbody class="passed results-table-row">
                        <tr>
                            <td class="col-result">passed</td>
                            <td class="col-name">tests/test_main.py::test_fiesta_engine_cylinders[1-1]</td>
                            <td class="col-duration">0.002</td>
                        </tr>
                        <tr>
                            <td class="extra" colspan="3">
                                <div class="log">No log found.</div>
                            </td>
                        </tr>
                    </tbody><tbody class="failed results-table-row">
                        <tr>
                            <td class="col-result">failed</td>
                            <td class="col-name">tests/test_main.py::test_fiesta_wheel_diameter_gt_12[0-1-0]</td>
                            <td class="col-duration">0.001</td>
                        </tr>
                        <tr>
                            <td class="extra" colspan="3">
                                <div class="log">fiesta = <racetest.ford.Fiesta object at 0x00000000046FB320>, wheel_num = 0

    @pytest.mark.parametrize('wheel_num', [0,1,2,3])
    def test_fiesta_wheel_diameter_gt_12(fiesta, wheel_num):
        wheel = fiesta.wheels[wheel_num]
>       assert wheel.diameter >= 16
E       assert 15.694121793174963 >= 16
E        +  where 15.694121793174963 = <racetest.car.Wheel object at 0x00000000046FB390>.diameter

tests\test_main.py:19: AssertionError</div>
                            </td>
                        </tr>
                    </tbody><tbody class="failed results-table-row">
                        <tr>
                            <td class="col-result">failed</td>
                            <td class="col-name">tests/test_main.py::test_fiesta_wheel_diameter_gt_12[0-1-1]</td>
                            <td class="col-duration">0.002</td>
                        </tr>
                        <tr>
                            <td class="extra" colspan="3">
                                <div class="log">fiesta = <racetest.ford.Fiesta object at 0x0000000004704470>, wheel_num = 1

    @pytest.mark.parametrize('wheel_num', [0,1,2,3])
    def test_fiesta_wheel_diameter_gt_12(fiesta, wheel_num):
        wheel = fiesta.wheels[wheel_num]
>       assert wheel.diameter >= 16
E       assert 15.463515688921914 >= 16
E        +  where 15.463515688921914 = <racetest.car.Wheel object at 0x0000000004704390>.diameter

tests\test_main.py:19: AssertionError</div>
                            </td>
                        </tr>
                    </tbody><tbody class="failed results-table-row">
                        <tr>
                            <td class="col-result">failed</td>
                            <td class="col-name">tests/test_main.py::test_fiesta_wheel_diameter_gt_12[0-1-2]</td>
                            <td class="col-duration">0.003</td>
                        </tr>
                        <tr>
                            <td class="extra" colspan="3">
                                <div class="log">fiesta = <racetest.ford.Fiesta object at 0x0000000004625400>, wheel_num = 2

    @pytest.mark.parametrize('wheel_num', [0,1,2,3])
    def test_fiesta_wheel_diameter_gt_12(fiesta, wheel_num):
        wheel = fiesta.wheels[wheel_num]
>       assert wheel.diameter >= 16
E       assert 14.849230651559859 >= 16
E        +  where 14.849230651559859 = <racetest.car.Wheel object at 0x0000000004625240>.diameter

tests\test_main.py:19: AssertionError</div>
                            </td>
                        </tr>
                    </tbody><tbody class="failed results-table-row">
                        <tr>
                            <td class="col-result">failed</td>
                            <td class="col-name">tests/test_main.py::test_fiesta_wheel_diameter_gt_12[0-1-3]</td>
                            <td class="col-duration">0.003</td>
                        </tr>
                        <tr>
                            <td class="extra" colspan="3">
                                <div class="log">fiesta = <racetest.ford.Fiesta object at 0x000000000467C080>, wheel_num = 3

    @pytest.mark.parametrize('wheel_num', [0,1,2,3])
    def test_fiesta_wheel_diameter_gt_12(fiesta, wheel_num):
        wheel = fiesta.wheels[wheel_num]
>       assert wheel.diameter >= 16
E       assert 15.619396549552448 >= 16
E        +  where 15.619396549552448 = <racetest.car.Wheel object at 0x000000000467C550>.diameter

tests\test_main.py:19: AssertionError</div>
                            </td>
                        </tr>
                    </tbody><tbody class="failed results-table-row">
                        <tr>
                            <td class="col-result">failed</td>
                            <td class="col-name">tests/test_main.py::test_fiesta_wheel_diameter_gt_12[1-1-0]</td>
                            <td class="col-duration">0.002</td>
                        </tr>
                        <tr>
                            <td class="extra" colspan="3">
                                <div class="log">fiesta = <racetest.ford.Fiesta object at 0x000000000475C0F0>, wheel_num = 0

    @pytest.mark.parametrize('wheel_num', [0,1,2,3])
    def test_fiesta_wheel_diameter_gt_12(fiesta, wheel_num):
        wheel = fiesta.wheels[wheel_num]
>       assert wheel.diameter >= 16
E       assert 15.694121793174963 >= 16
E        +  where 15.694121793174963 = <racetest.car.Wheel object at 0x000000000475C5F8>.diameter

tests\test_main.py:19: AssertionError</div>
                            </td>
                        </tr>
                    </tbody><tbody class="failed results-table-row">
                        <tr>
                            <td class="col-result">failed</td>
                            <td class="col-name">tests/test_main.py::test_fiesta_wheel_diameter_gt_12[1-1-1]</td>
                            <td class="col-duration">0.002</td>
                        </tr>
                        <tr>
                            <td class="extra" colspan="3">
                                <div class="log">fiesta = <racetest.ford.Fiesta object at 0x0000000004753208>, wheel_num = 1

    @pytest.mark.parametrize('wheel_num', [0,1,2,3])
    def test_fiesta_wheel_diameter_gt_12(fiesta, wheel_num):
        wheel = fiesta.wheels[wheel_num]
>       assert wheel.diameter >= 16
E       assert 15.463515688921914 >= 16
E        +  where 15.463515688921914 = <racetest.car.Wheel object at 0x00000000047482B0>.diameter

tests\test_main.py:19: AssertionError</div>
                            </td>
                        </tr>
                    </tbody><tbody class="failed results-table-row">
                        <tr>
                            <td class="col-result">failed</td>
                            <td class="col-name">tests/test_main.py::test_fiesta_wheel_diameter_gt_12[1-1-2]</td>
                            <td class="col-duration">0.001</td>
                        </tr>
                        <tr>
                            <td class="extra" colspan="3">
                                <div class="log">fiesta = <racetest.ford.Fiesta object at 0x000000000474DA90>, wheel_num = 2

    @pytest.mark.parametrize('wheel_num', [0,1,2,3])
    def test_fiesta_wheel_diameter_gt_12(fiesta, wheel_num):
        wheel = fiesta.wheels[wheel_num]
>       assert wheel.diameter >= 16
E       assert 14.849230651559859 >= 16
E        +  where 14.849230651559859 = <racetest.car.Wheel object at 0x000000000474D390>.diameter

tests\test_main.py:19: AssertionError</div>
                            </td>
                        </tr>
                    </tbody><tbody class="failed results-table-row">
                        <tr>
                            <td class="col-result">failed</td>
                            <td class="col-name">tests/test_main.py::test_fiesta_wheel_diameter_gt_12[1-1-3]</td>
                            <td class="col-duration">0.002</td>
                        </tr>
                        <tr>
                            <td class="extra" colspan="3">
                                <div class="log">fiesta = <racetest.ford.Fiesta object at 0x0000000004753BE0>, wheel_num = 3

    @pytest.mark.parametrize('wheel_num', [0,1,2,3])
    def test_fiesta_wheel_diameter_gt_12(fiesta, wheel_num):
        wheel = fiesta.wheels[wheel_num]
>       assert wheel.diameter >= 16
E       assert 15.619396549552448 >= 16
E        +  where 15.619396549552448 = <racetest.car.Wheel object at 0x00000000047536A0>.diameter

tests\test_main.py:19: AssertionError</div>
                            </td>
                        </tr>
                    </tbody>
            </table>
        
    
        
    
        <h2>random_seed 2</h2>
        
            
            <table class="results-table summary-table">
                <tr>
                    <th>model</th>
                    <th>Pass %</th>
                    <th>Total Passed Tests</th>
                    <th>Total Skipped Tests</th>
                    <th>Total Failed Tests</th>
                    <th>Total Errors</th>
                    <th>Total xPassed Tests</th>
                    <th>Total xFailed Tests</th>
                </tr>
                <tr class="results-table-row">
                        <td onclick="scroll_to(this)" class="scroller" id="mustang">mustang</td>
                        <td class="summary-result rel_pass"></td>
                        <td class="summary-result">10</td>
                        <td class="summary-result">0</td>
                        <td class="summary-result">0</td>
                        <td class="summary-result">0</td>
                        <td class="summary-result">0</td>
                        <td class="summary-result">0</td>
                    </tr><tr class="results-table-row">
                        <td onclick="scroll_to(this)" class="scroller" id="fiesta">fiesta</td>
                        <td class="summary-result rel_pass"></td>
                        <td class="summary-result">4</td>
                        <td class="summary-result">0</td>
                        <td class="summary-result">6</td>
                        <td class="summary-result">0</td>
                        <td class="summary-result">0</td>
                        <td class="summary-result">0</td>
                    </tr>
                <tr style="font-weight:bold">
                    <td>Totals</td>
                    <td class="rel_pass"></td>
                    <td>14</td>
                    <td>0</td>
                    <td>6</td>
                    <td>0</td>
                    <td>0</td>
                    <td>0</td>
                </tr>
            </table>
            
            
        <h2>model mustang</h2>
        
            
            
            <input 
                    checked="true" 
                    class="filter" 
                    data-suffix-id="mustang-mustang" 
                    data-test-result="passed" 
                    hidden="true" 
                    name="filter_checkbox" 
                    onChange="filter_table(this)" 
                    type="checkbox" 
                />
                <span class="passed">10 passed</span>
            <input 
                    checked="true" 
                    class="filter" 
                    data-suffix-id="mustang-mustang" 
                    data-test-result="skipped" 
                    hidden="true" 
                    name="filter_checkbox" 
                    onChange="filter_table(this)" 
                    type="checkbox" 
                />
                <span class="skipped">0 skipped</span>
            <input 
                    checked="true" 
                    class="filter" 
                    data-suffix-id="mustang-mustang" 
                    data-test-result="failed" 
                    hidden="true" 
                    name="filter_checkbox" 
                    onChange="filter_table(this)" 
                    type="checkbox" 
                />
                <span class="failed">0 failed</span>
            <input 
                    checked="true" 
                    class="filter" 
                    data-suffix-id="mustang-mustang" 
                    data-test-result="error" 
                    hidden="true" 
                    name="filter_checkbox" 
                    onChange="filter_table(this)" 
                    type="checkbox" 
                />
                <span class="error">0 error</span>
            <input 
                    checked="true" 
                    class="filter" 
                    data-suffix-id="mustang-mustang" 
                    data-test-result="xpassed" 
                    hidden="true" 
                    name="filter_checkbox" 
                    onChange="filter_table(this)" 
                    type="checkbox" 
                />
                <span class="xpassed">0 xpassed</span>
            <input 
                    checked="true" 
                    class="filter" 
                    data-suffix-id="mustang-mustang" 
                    data-test-result="xfailed" 
                    hidden="true" 
                    name="filter_checkbox" 
                    onChange="filter_table(this)" 
                    type="checkbox" 
                />
                <span class="xfailed">0 xfailed</span>
            
            <table class="results-table mustang" id="results-table-mustang">
                <thead id="_default-results-table-head">
                    <tr>
                        <th class="sortable result initial-sort" col="result">Result</th>
                        <th class="sortable" col="name">Test</th>
                        <th class="sortable numeric" col="duration">Duration</th>
                    </tr>
                    <tr hidden="true" id="not-found-messagemustang">
                        <th colspan="3">No results found. Try to check the filters</th>
                    </tr>
                </thead>
                <tbody class="passed results-table-row">
                        <tr>
                            <td class="col-result">passed</td>
                            <td class="col-name">tests/test_main.py::test_mustang_engine_cylinders[0-2]</td>
                            <td class="col-duration">0.002</td>
                        </tr>
                        <tr>
                            <td class="extra" colspan="3">
                                <div class="log">No log found.</div>
                            </td>
                        </tr>
                    </tbody><tbody class="passed results-table-row">
                        <tr>
                            <td class="col-result">passed</td>
                            <td class="col-name">tests/test_main.py::test_mustang_engine_cylinders[1-2]</td>
                            <td class="col-duration">0.002</td>
                        </tr>
                        <tr>
                            <td class="extra" colspan="3">
                                <div class="log">No log found.</div>
                            </td>
                        </tr>
                    </tbody><tbody class="passed results-table-row">
                        <tr>
                            <td class="col-result">passed</td>
                            <td class="col-name">tests/test_main.py::test_mustang_wheel_diameter_gt_14[0-2-0]</td>
                            <td class="col-duration">0.001</td>
                        </tr>
                        <tr>
                            <td class="extra" colspan="3">
                                <div class="log">No log found.</div>
                            </td>
                        </tr>
                    </tbody><tbody class="passed results-table-row">
                        <tr>
                            <td class="col-result">passed</td>
                            <td class="col-name">tests/test_main.py::test_mustang_wheel_diameter_gt_14[0-2-1]</td>
                            <td class="col-duration">0.002</td>
                        </tr>
                        <tr>
                            <td class="extra" colspan="3">
                                <div class="log">No log found.</div>
                            </td>
                        </tr>
                    </tbody><tbody class="passed results-table-row">
                        <tr>
                            <td class="col-result">passed</td>
                            <td class="col-name">tests/test_main.py::test_mustang_wheel_diameter_gt_14[0-2-2]</td>
                            <td class="col-duration">0.001</td>
                        </tr>
                        <tr>
                            <td class="extra" colspan="3">
                                <div class="log">No log found.</div>
                            </td>
                        </tr>
                    </tbody><tbody class="passed results-table-row">
                        <tr>
                            <td class="col-result">passed</td>
                            <td class="col-name">tests/test_main.py::test_mustang_wheel_diameter_gt_14[0-2-3]</td>
                            <td class="col-duration">0.001</td>
                        </tr>
                        <tr>
                            <td class="extra" colspan="3">
                                <div class="log">No log found.</div>
                            </td>
                        </tr>
                    </tbody><tbody class="passed results-table-row">
                        <tr>
                            <td class="col-result">passed</td>
                            <td class="col-name">tests/test_main.py::test_mustang_wheel_diameter_gt_14[1-2-0]</td>
                            <td class="col-duration">0.002</td>
                        </tr>
                        <tr>
                            <td class="extra" colspan="3">
                                <div class="log">No log found.</div>
                            </td>
                        </tr>
                    </tbody><tbody class="passed results-table-row">
                        <tr>
                            <td class="col-result">passed</td>
                            <td class="col-name">tests/test_main.py::test_mustang_wheel_diameter_gt_14[1-2-1]</td>
                            <td class="col-duration">0.002</td>
                        </tr>
                        <tr>
                            <td class="extra" colspan="3">
                                <div class="log">No log found.</div>
                            </td>
                        </tr>
                    </tbody><tbody class="passed results-table-row">
                        <tr>
                            <td class="col-result">passed</td>
                            <td class="col-name">tests/test_main.py::test_mustang_wheel_diameter_gt_14[1-2-2]</td>
                            <td class="col-duration">0.002</td>
                        </tr>
                        <tr>
                            <td class="extra" colspan="3">
                                <div class="log">No log found.</div>
                            </td>
                        </tr>
                    </tbody><tbody class="passed results-table-row">
                        <tr>
                            <td class="col-result">passed</td>
                            <td class="col-name">tests/test_main.py::test_mustang_wheel_diameter_gt_14[1-2-3]</td>
                            <td class="col-duration">0.002</td>
                        </tr>
                        <tr>
                            <td class="extra" colspan="3">
                                <div class="log">No log found.</div>
                            </td>
                        </tr>
                    </tbody>
            </table>
        
    
        <h2>model fiesta</h2>
        
            
            
            <input 
                    checked="true" 
                    class="filter" 
                    data-suffix-id="fiesta-fiesta" 
                    data-test-result="passed" 
                    hidden="true" 
                    name="filter_checkbox" 
                    onChange="filter_table(this)" 
                    type="checkbox" 
                />
                <span class="passed">4 passed</span>
            <input 
                    checked="true" 
                    class="filter" 
                    data-suffix-id="fiesta-fiesta" 
                    data-test-result="skipped" 
                    hidden="true" 
                    name="filter_checkbox" 
                    onChange="filter_table(this)" 
                    type="checkbox" 
                />
                <span class="skipped">0 skipped</span>
            <input 
                    checked="true" 
                    class="filter" 
                    data-suffix-id="fiesta-fiesta" 
                    data-test-result="failed" 
                    hidden="true" 
                    name="filter_checkbox" 
                    onChange="filter_table(this)" 
                    type="checkbox" 
                />
                <span class="failed">6 failed</span>
            <input 
                    checked="true" 
                    class="filter" 
                    data-suffix-id="fiesta-fiesta" 
                    data-test-result="error" 
                    hidden="true" 
                    name="filter_checkbox" 
                    onChange="filter_table(this)" 
                    type="checkbox" 
                />
                <span class="error">0 error</span>
            <input 
                    checked="true" 
                    class="filter" 
                    data-suffix-id="fiesta-fiesta" 
                    data-test-result="xpassed" 
                    hidden="true" 
                    name="filter_checkbox" 
                    onChange="filter_table(this)" 
                    type="checkbox" 
                />
                <span class="xpassed">0 xpassed</span>
            <input 
                    checked="true" 
                    class="filter" 
                    data-suffix-id="fiesta-fiesta" 
                    data-test-result="xfailed" 
                    hidden="true" 
                    name="filter_checkbox" 
                    onChange="filter_table(this)" 
                    type="checkbox" 
                />
                <span class="xfailed">0 xfailed</span>
            
            <table class="results-table fiesta" id="results-table-fiesta">
                <thead id="_default-results-table-head">
                    <tr>
                        <th class="sortable result initial-sort" col="result">Result</th>
                        <th class="sortable" col="name">Test</th>
                        <th class="sortable numeric" col="duration">Duration</th>
                    </tr>
                    <tr hidden="true" id="not-found-messagefiesta">
                        <th colspan="3">No results found. Try to check the filters</th>
                    </tr>
                </thead>
                <tbody class="passed results-table-row">
                        <tr>
                            <td class="col-result">passed</td>
                            <td class="col-name">tests/test_main.py::test_fiesta_engine_cylinders[0-2]</td>
                            <td class="col-duration">0.001</td>
                        </tr>
                        <tr>
                            <td class="extra" colspan="3">
                                <div class="log">No log found.</div>
                            </td>
                        </tr>
                    </tbody><tbody class="passed results-table-row">
                        <tr>
                            <td class="col-result">passed</td>
                            <td class="col-name">tests/test_main.py::test_fiesta_engine_cylinders[1-2]</td>
                            <td class="col-duration">0.001</td>
                        </tr>
                        <tr>
                            <td class="extra" colspan="3">
                                <div class="log">No log found.</div>
                            </td>
                        </tr>
                    </tbody><tbody class="failed results-table-row">
                        <tr>
                            <td class="col-result">failed</td>
                            <td class="col-name">tests/test_main.py::test_fiesta_wheel_diameter_gt_12[0-2-0]</td>
                            <td class="col-duration">0.003</td>
                        </tr>
                        <tr>
                            <td class="extra" colspan="3">
                                <div class="log">fiesta = <racetest.ford.Fiesta object at 0x0000000004704470>, wheel_num = 0

    @pytest.mark.parametrize('wheel_num', [0,1,2,3])
    def test_fiesta_wheel_diameter_gt_12(fiesta, wheel_num):
        wheel = fiesta.wheels[wheel_num]
>       assert wheel.diameter >= 16
E       assert 15.971866586386835 >= 16
E        +  where 15.971866586386835 = <racetest.car.Wheel object at 0x0000000004704390>.diameter

tests\test_main.py:19: AssertionError</div>
                            </td>
                        </tr>
                    </tbody><tbody class="passed results-table-row">
                        <tr>
                            <td class="col-result">passed</td>
                            <td class="col-name">tests/test_main.py::test_fiesta_wheel_diameter_gt_12[0-2-1]</td>
                            <td class="col-duration">0.004</td>
                        </tr>
                        <tr>
                            <td class="extra" colspan="3">
                                <div class="log">No log found.</div>
                            </td>
                        </tr>
                    </tbody><tbody class="failed results-table-row">
                        <tr>
                            <td class="col-result">failed</td>
                            <td class="col-name">tests/test_main.py::test_fiesta_wheel_diameter_gt_12[0-2-2]</td>
                            <td class="col-duration">0.003</td>
                        </tr>
                        <tr>
                            <td class="extra" colspan="3">
                                <div class="log">fiesta = <racetest.ford.Fiesta object at 0x0000000004697588>, wheel_num = 2

    @pytest.mark.parametrize('wheel_num', [0,1,2,3])
    def test_fiesta_wheel_diameter_gt_12(fiesta, wheel_num):
        wheel = fiesta.wheels[wheel_num]
>       assert wheel.diameter >= 16
E       assert 15.579126317171898 >= 16
E        +  where 15.579126317171898 = <racetest.car.Wheel object at 0x00000000046976A0>.diameter

tests\test_main.py:19: AssertionError</div>
                            </td>
                        </tr>
                    </tbody><tbody class="failed results-table-row">
                        <tr>
                            <td class="col-result">failed</td>
                            <td class="col-name">tests/test_main.py::test_fiesta_wheel_diameter_gt_12[0-2-3]</td>
                            <td class="col-duration">0.002</td>
                        </tr>
                        <tr>
                            <td class="extra" colspan="3">
                                <div class="log">fiesta = <racetest.ford.Fiesta object at 0x0000000004665198>, wheel_num = 3

    @pytest.mark.parametrize('wheel_num', [0,1,2,3])
    def test_fiesta_wheel_diameter_gt_12(fiesta, wheel_num):
        wheel = fiesta.wheels[wheel_num]
>       assert wheel.diameter >= 16
E       assert 15.377355956696384 >= 16
E        +  where 15.377355956696384 = <racetest.car.Wheel object at 0x00000000046653C8>.diameter

tests\test_main.py:19: AssertionError</div>
                            </td>
                        </tr>
                    </tbody><tbody class="failed results-table-row">
                        <tr>
                            <td class="col-result">failed</td>
                            <td class="col-name">tests/test_main.py::test_fiesta_wheel_diameter_gt_12[1-2-0]</td>
                            <td class="col-duration">0.004</td>
                        </tr>
                        <tr>
                            <td class="extra" colspan="3">
                                <div class="log">fiesta = <racetest.ford.Fiesta object at 0x000000000475C5C0>, wheel_num = 0

    @pytest.mark.parametrize('wheel_num', [0,1,2,3])
    def test_fiesta_wheel_diameter_gt_12(fiesta, wheel_num):
        wheel = fiesta.wheels[wheel_num]
>       assert wheel.diameter >= 16
E       assert 15.971866586386835 >= 16
E        +  where 15.971866586386835 = <racetest.car.Wheel object at 0x000000000475CB38>.diameter

tests\test_main.py:19: AssertionError</div>
                            </td>
                        </tr>
                    </tbody><tbody class="passed results-table-row">
                        <tr>
                            <td class="col-result">passed</td>
                            <td class="col-name">tests/test_main.py::test_fiesta_wheel_diameter_gt_12[1-2-1]</td>
                            <td class="col-duration">0.002</td>
                        </tr>
                        <tr>
                            <td class="extra" colspan="3">
                                <div class="log">No log found.</div>
                            </td>
                        </tr>
                    </tbody><tbody class="failed results-table-row">
                        <tr>
                            <td class="col-result">failed</td>
                            <td class="col-name">tests/test_main.py::test_fiesta_wheel_diameter_gt_12[1-2-2]</td>
                            <td class="col-duration">0.003</td>
                        </tr>
                        <tr>
                            <td class="extra" colspan="3">
                                <div class="log">fiesta = <racetest.ford.Fiesta object at 0x000000000472E470>, wheel_num = 2

    @pytest.mark.parametrize('wheel_num', [0,1,2,3])
    def test_fiesta_wheel_diameter_gt_12(fiesta, wheel_num):
        wheel = fiesta.wheels[wheel_num]
>       assert wheel.diameter >= 16
E       assert 15.579126317171898 >= 16
E        +  where 15.579126317171898 = <racetest.car.Wheel object at 0x000000000472EA90>.diameter

tests\test_main.py:19: AssertionError</div>
                            </td>
                        </tr>
                    </tbody><tbody class="failed results-table-row">
                        <tr>
                            <td class="col-result">failed</td>
                            <td class="col-name">tests/test_main.py::test_fiesta_wheel_diameter_gt_12[1-2-3]</td>
                            <td class="col-duration">0.003</td>
                        </tr>
                        <tr>
                            <td class="extra" colspan="3">
                                <div class="log">fiesta = <racetest.ford.Fiesta object at 0x000000000475C710>, wheel_num = 3

    @pytest.mark.parametrize('wheel_num', [0,1,2,3])
    def test_fiesta_wheel_diameter_gt_12(fiesta, wheel_num):
        wheel = fiesta.wheels[wheel_num]
>       assert wheel.diameter >= 16
E       assert 15.377355956696384 >= 16
E        +  where 15.377355956696384 = <racetest.car.Wheel object at 0x000000000460C4E0>.diameter

tests\test_main.py:19: AssertionError</div>
                            </td>
                        </tr>
                    </tbody>
            </table>
        
    
        
    
        <h2>random_seed 3</h2>
        
            
            <table class="results-table summary-table">
                <tr>
                    <th>model</th>
                    <th>Pass %</th>
                    <th>Total Passed Tests</th>
                    <th>Total Skipped Tests</th>
                    <th>Total Failed Tests</th>
                    <th>Total Errors</th>
                    <th>Total xPassed Tests</th>
                    <th>Total xFailed Tests</th>
                </tr>
                <tr class="results-table-row">
                        <td onclick="scroll_to(this)" class="scroller" id="mustang">mustang</td>
                        <td class="summary-result rel_pass"></td>
                        <td class="summary-result">10</td>
                        <td class="summary-result">0</td>
                        <td class="summary-result">0</td>
                        <td class="summary-result">0</td>
                        <td class="summary-result">0</td>
                        <td class="summary-result">0</td>
                    </tr><tr class="results-table-row">
                        <td onclick="scroll_to(this)" class="scroller" id="fiesta">fiesta</td>
                        <td class="summary-result rel_pass"></td>
                        <td class="summary-result">4</td>
                        <td class="summary-result">0</td>
                        <td class="summary-result">6</td>
                        <td class="summary-result">0</td>
                        <td class="summary-result">0</td>
                        <td class="summary-result">0</td>
                    </tr>
                <tr style="font-weight:bold">
                    <td>Totals</td>
                    <td class="rel_pass"></td>
                    <td>14</td>
                    <td>0</td>
                    <td>6</td>
                    <td>0</td>
                    <td>0</td>
                    <td>0</td>
                </tr>
            </table>
            
            
        <h2>model mustang</h2>
        
            
            
            <input 
                    checked="true" 
                    class="filter" 
                    data-suffix-id="mustang-mustang" 
                    data-test-result="passed" 
                    hidden="true" 
                    name="filter_checkbox" 
                    onChange="filter_table(this)" 
                    type="checkbox" 
                />
                <span class="passed">10 passed</span>
            <input 
                    checked="true" 
                    class="filter" 
                    data-suffix-id="mustang-mustang" 
                    data-test-result="skipped" 
                    hidden="true" 
                    name="filter_checkbox" 
                    onChange="filter_table(this)" 
                    type="checkbox" 
                />
                <span class="skipped">0 skipped</span>
            <input 
                    checked="true" 
                    class="filter" 
                    data-suffix-id="mustang-mustang" 
                    data-test-result="failed" 
                    hidden="true" 
                    name="filter_checkbox" 
                    onChange="filter_table(this)" 
                    type="checkbox" 
                />
                <span class="failed">0 failed</span>
            <input 
                    checked="true" 
                    class="filter" 
                    data-suffix-id="mustang-mustang" 
                    data-test-result="error" 
                    hidden="true" 
                    name="filter_checkbox" 
                    onChange="filter_table(this)" 
                    type="checkbox" 
                />
                <span class="error">0 error</span>
            <input 
                    checked="true" 
                    class="filter" 
                    data-suffix-id="mustang-mustang" 
                    data-test-result="xpassed" 
                    hidden="true" 
                    name="filter_checkbox" 
                    onChange="filter_table(this)" 
                    type="checkbox" 
                />
                <span class="xpassed">0 xpassed</span>
            <input 
                    checked="true" 
                    class="filter" 
                    data-suffix-id="mustang-mustang" 
                    data-test-result="xfailed" 
                    hidden="true" 
                    name="filter_checkbox" 
                    onChange="filter_table(this)" 
                    type="checkbox" 
                />
                <span class="xfailed">0 xfailed</span>
            
            <table class="results-table mustang" id="results-table-mustang">
                <thead id="_default-results-table-head">
                    <tr>
                        <th class="sortable result initial-sort" col="result">Result</th>
                        <th class="sortable" col="name">Test</th>
                        <th class="sortable numeric" col="duration">Duration</th>
                    </tr>
                    <tr hidden="true" id="not-found-messagemustang">
                        <th colspan="3">No results found. Try to check the filters</th>
                    </tr>
                </thead>
                <tbody class="passed results-table-row">
                        <tr>
                            <td class="col-result">passed</td>
                            <td class="col-name">tests/test_main.py::test_mustang_engine_cylinders[0-3]</td>
                            <td class="col-duration">0.002</td>
                        </tr>
                        <tr>
                            <td class="extra" colspan="3">
                                <div class="log">No log found.</div>
                            </td>
                        </tr>
                    </tbody><tbody class="passed results-table-row">
                        <tr>
                            <td class="col-result">passed</td>
                            <td class="col-name">tests/test_main.py::test_mustang_engine_cylinders[1-3]</td>
                            <td class="col-duration">0.001</td>
                        </tr>
                        <tr>
                            <td class="extra" colspan="3">
                                <div class="log">No log found.</div>
                            </td>
                        </tr>
                    </tbody><tbody class="passed results-table-row">
                        <tr>
                            <td class="col-result">passed</td>
                            <td class="col-name">tests/test_main.py::test_mustang_wheel_diameter_gt_14[0-3-0]</td>
                            <td class="col-duration">0.001</td>
                        </tr>
                        <tr>
                            <td class="extra" colspan="3">
                                <div class="log">No log found.</div>
                            </td>
                        </tr>
                    </tbody><tbody class="passed results-table-row">
                        <tr>
                            <td class="col-result">passed</td>
                            <td class="col-name">tests/test_main.py::test_mustang_wheel_diameter_gt_14[0-3-1]</td>
                            <td class="col-duration">0.005</td>
                        </tr>
                        <tr>
                            <td class="extra" colspan="3">
                                <div class="log">No log found.</div>
                            </td>
                        </tr>
                    </tbody><tbody class="passed results-table-row">
                        <tr>
                            <td class="col-result">passed</td>
                            <td class="col-name">tests/test_main.py::test_mustang_wheel_diameter_gt_14[0-3-2]</td>
                            <td class="col-duration">0.002</td>
                        </tr>
                        <tr>
                            <td class="extra" colspan="3">
                                <div class="log">No log found.</div>
                            </td>
                        </tr>
                    </tbody><tbody class="passed results-table-row">
                        <tr>
                            <td class="col-result">passed</td>
                            <td class="col-name">tests/test_main.py::test_mustang_wheel_diameter_gt_14[0-3-3]</td>
                            <td class="col-duration">0.001</td>
                        </tr>
                        <tr>
                            <td class="extra" colspan="3">
                                <div class="log">No log found.</div>
                            </td>
                        </tr>
                    </tbody><tbody class="passed results-table-row">
                        <tr>
                            <td class="col-result">passed</td>
                            <td class="col-name">tests/test_main.py::test_mustang_wheel_diameter_gt_14[1-3-0]</td>
                            <td class="col-duration">0.002</td>
                        </tr>
                        <tr>
                            <td class="extra" colspan="3">
                                <div class="log">No log found.</div>
                            </td>
                        </tr>
                    </tbody><tbody class="passed results-table-row">
                        <tr>
                            <td class="col-result">passed</td>
                            <td class="col-name">tests/test_main.py::test_mustang_wheel_diameter_gt_14[1-3-1]</td>
                            <td class="col-duration">0.002</td>
                        </tr>
                        <tr>
                            <td class="extra" colspan="3">
                                <div class="log">No log found.</div>
                            </td>
                        </tr>
                    </tbody><tbody class="passed results-table-row">
                        <tr>
                            <td class="col-result">passed</td>
                            <td class="col-name">tests/test_main.py::test_mustang_wheel_diameter_gt_14[1-3-2]</td>
                            <td class="col-duration">0.002</td>
                        </tr>
                        <tr>
                            <td class="extra" colspan="3">
                                <div class="log">No log found.</div>
                            </td>
                        </tr>
                    </tbody><tbody class="passed results-table-row">
                        <tr>
                            <td class="col-result">passed</td>
                            <td class="col-name">tests/test_main.py::test_mustang_wheel_diameter_gt_14[1-3-3]</td>
                            <td class="col-duration">0.001</td>
                        </tr>
                        <tr>
                            <td class="extra" colspan="3">
                                <div class="log">No log found.</div>
                            </td>
                        </tr>
                    </tbody>
            </table>
        
    
        <h2>model fiesta</h2>
        
            
            
            <input 
                    checked="true" 
                    class="filter" 
                    data-suffix-id="fiesta-fiesta" 
                    data-test-result="passed" 
                    hidden="true" 
                    name="filter_checkbox" 
                    onChange="filter_table(this)" 
                    type="checkbox" 
                />
                <span class="passed">4 passed</span>
            <input 
                    checked="true" 
                    class="filter" 
                    data-suffix-id="fiesta-fiesta" 
                    data-test-result="skipped" 
                    hidden="true" 
                    name="filter_checkbox" 
                    onChange="filter_table(this)" 
                    type="checkbox" 
                />
                <span class="skipped">0 skipped</span>
            <input 
                    checked="true" 
                    class="filter" 
                    data-suffix-id="fiesta-fiesta" 
                    data-test-result="failed" 
                    hidden="true" 
                    name="filter_checkbox" 
                    onChange="filter_table(this)" 
                    type="checkbox" 
                />
                <span class="failed">6 failed</span>
            <input 
                    checked="true" 
                    class="filter" 
                    data-suffix-id="fiesta-fiesta" 
                    data-test-result="error" 
                    hidden="true" 
                    name="filter_checkbox" 
                    onChange="filter_table(this)" 
                    type="checkbox" 
                />
                <span class="error">0 error</span>
            <input 
                    checked="true" 
                    class="filter" 
                    data-suffix-id="fiesta-fiesta" 
                    data-test-result="xpassed" 
                    hidden="true" 
                    name="filter_checkbox" 
                    onChange="filter_table(this)" 
                    type="checkbox" 
                />
                <span class="xpassed">0 xpassed</span>
            <input 
                    checked="true" 
                    class="filter" 
                    data-suffix-id="fiesta-fiesta" 
                    data-test-result="xfailed" 
                    hidden="true" 
                    name="filter_checkbox" 
                    onChange="filter_table(this)" 
                    type="checkbox" 
                />
                <span class="xfailed">0 xfailed</span>
            
            <table class="results-table fiesta" id="results-table-fiesta">
                <thead id="_default-results-table-head">
                    <tr>
                        <th class="sortable result initial-sort" col="result">Result</th>
                        <th class="sortable" col="name">Test</th>
                        <th class="sortable numeric" col="duration">Duration</th>
                    </tr>
                    <tr hidden="true" id="not-found-messagefiesta">
                        <th colspan="3">No results found. Try to check the filters</th>
                    </tr>
                </thead>
                <tbody class="passed results-table-row">
                        <tr>
                            <td class="col-result">passed</td>
                            <td class="col-name">tests/test_main.py::test_fiesta_engine_cylinders[0-3]</td>
                            <td class="col-duration">0.001</td>
                        </tr>
                        <tr>
                            <td class="extra" colspan="3">
                                <div class="log">No log found.</div>
                            </td>
                        </tr>
                    </tbody><tbody class="passed results-table-row">
                        <tr>
                            <td class="col-result">passed</td>
                            <td class="col-name">tests/test_main.py::test_fiesta_engine_cylinders[1-3]</td>
                            <td class="col-duration">0.002</td>
                        </tr>
                        <tr>
                            <td class="extra" colspan="3">
                                <div class="log">No log found.</div>
                            </td>
                        </tr>
                    </tbody><tbody class="passed results-table-row">
                        <tr>
                            <td class="col-result">passed</td>
                            <td class="col-name">tests/test_main.py::test_fiesta_wheel_diameter_gt_12[0-3-0]</td>
                            <td class="col-duration">0.003</td>
                        </tr>
                        <tr>
                            <td class="extra" colspan="3">
                                <div class="log">No log found.</div>
                            </td>
                        </tr>
                    </tbody><tbody class="failed results-table-row">
                        <tr>
                            <td class="col-result">failed</td>
                            <td class="col-name">tests/test_main.py::test_fiesta_wheel_diameter_gt_12[0-3-1]</td>
                            <td class="col-duration">0.002</td>
                        </tr>
                        <tr>
                            <td class="extra" colspan="3">
                                <div class="log">fiesta = <racetest.ford.Fiesta object at 0x00000000046ED518>, wheel_num = 1

    @pytest.mark.parametrize('wheel_num', [0,1,2,3])
    def test_fiesta_wheel_diameter_gt_12(fiesta, wheel_num):
        wheel = fiesta.wheels[wheel_num]
>       assert wheel.diameter >= 16
E       assert 15.068253648317755 >= 16
E        +  where 15.068253648317755 = <racetest.car.Wheel object at 0x00000000046ED898>.diameter

tests\test_main.py:19: AssertionError</div>
                            </td>
                        </tr>
                    </tbody><tbody class="failed results-table-row">
                        <tr>
                            <td class="col-result">failed</td>
                            <td class="col-name">tests/test_main.py::test_fiesta_wheel_diameter_gt_12[0-3-2]</td>
                            <td class="col-duration">0.002</td>
                        </tr>
                        <tr>
                            <td class="extra" colspan="3">
                                <div class="log">fiesta = <racetest.ford.Fiesta object at 0x00000000046AD240>, wheel_num = 2

    @pytest.mark.parametrize('wheel_num', [0,1,2,3])
    def test_fiesta_wheel_diameter_gt_12(fiesta, wheel_num):
        wheel = fiesta.wheels[wheel_num]
>       assert wheel.diameter >= 16
E       assert 15.822620510365507 >= 16
E        +  where 15.822620510365507 = <racetest.car.Wheel object at 0x00000000046AD4E0>.diameter

tests\test_main.py:19: AssertionError</div>
                            </td>
                        </tr>
                    </tbody><tbody class="failed results-table-row">
                        <tr>
                            <td class="col-result">failed</td>
                            <td class="col-name">tests/test_main.py::test_fiesta_wheel_diameter_gt_12[0-3-3]</td>
                            <td class="col-duration">0.002</td>
                        </tr>
                        <tr>
                            <td class="extra" colspan="3">
                                <div class="log">fiesta = <racetest.ford.Fiesta object at 0x00000000046B1860>, wheel_num = 3

    @pytest.mark.parametrize('wheel_num', [0,1,2,3])
    def test_fiesta_wheel_diameter_gt_12(fiesta, wheel_num):
        wheel = fiesta.wheels[wheel_num]
>       assert wheel.diameter >= 16
E       assert 15.686499661588076 >= 16
E        +  where 15.686499661588076 = <racetest.car.Wheel object at 0x00000000046B1A20>.diameter

tests\test_main.py:19: AssertionError</div>
                            </td>
                        </tr>
                    </tbody><tbody class="passed results-table-row">
                        <tr>
                            <td class="col-result">passed</td>
                            <td class="col-name">tests/test_main.py::test_fiesta_wheel_diameter_gt_12[1-3-0]</td>
                            <td class="col-duration">0.001</td>
                        </tr>
                        <tr>
                            <td class="extra" colspan="3">
                                <div class="log">No log found.</div>
                            </td>
                        </tr>
                    </tbody><tbody class="failed results-table-row">
                        <tr>
                            <td class="col-result">failed</td>
                            <td class="col-name">tests/test_main.py::test_fiesta_wheel_diameter_gt_12[1-3-1]</td>
                            <td class="col-duration">0.001</td>
                        </tr>
                        <tr>
                            <td class="extra" colspan="3">
                                <div class="log">fiesta = <racetest.ford.Fiesta object at 0x0000000004753BA8>, wheel_num = 1

    @pytest.mark.parametrize('wheel_num', [0,1,2,3])
    def test_fiesta_wheel_diameter_gt_12(fiesta, wheel_num):
        wheel = fiesta.wheels[wheel_num]
>       assert wheel.diameter >= 16
E       assert 15.068253648317755 >= 16
E        +  where 15.068253648317755 = <racetest.car.Wheel object at 0x0000000004753940>.diameter

tests\test_main.py:19: AssertionError</div>
                            </td>
                        </tr>
                    </tbody><tbody class="failed results-table-row">
                        <tr>
                            <td class="col-result">failed</td>
                            <td class="col-name">tests/test_main.py::test_fiesta_wheel_diameter_gt_12[1-3-2]</td>
                            <td class="col-duration">0.002</td>
                        </tr>
                        <tr>
                            <td class="extra" colspan="3">
                                <div class="log">fiesta = <racetest.ford.Fiesta object at 0x000000000471DB70>, wheel_num = 2

    @pytest.mark.parametrize('wheel_num', [0,1,2,3])
    def test_fiesta_wheel_diameter_gt_12(fiesta, wheel_num):
        wheel = fiesta.wheels[wheel_num]
>       assert wheel.diameter >= 16
E       assert 15.822620510365507 >= 16
E        +  where 15.822620510365507 = <racetest.car.Wheel object at 0x000000000471D860>.diameter

tests\test_main.py:19: AssertionError</div>
                            </td>
                        </tr>
                    </tbody><tbody class="failed results-table-row">
                        <tr>
                            <td class="col-result">failed</td>
                            <td class="col-name">tests/test_main.py::test_fiesta_wheel_diameter_gt_12[1-3-3]</td>
                            <td class="col-duration">0.001</td>
                        </tr>
                        <tr>
                            <td class="extra" colspan="3">
                                <div class="log">fiesta = <racetest.ford.Fiesta object at 0x0000000004753F28>, wheel_num = 3

    @pytest.mark.parametrize('wheel_num', [0,1,2,3])
    def test_fiesta_wheel_diameter_gt_12(fiesta, wheel_num):
        wheel = fiesta.wheels[wheel_num]
>       assert wheel.diameter >= 16
E       assert 15.686499661588076 >= 16
E        +  where 15.686499661588076 = <racetest.car.Wheel object at 0x000000000476C5F8>.diameter

tests\test_main.py:19: AssertionError</div>
                            </td>
                        </tr>
                    </tbody>
            </table>
        
    
        
    
        <h2>random_seed 4</h2>
        
            
            <table class="results-table summary-table">
                <tr>
                    <th>model</th>
                    <th>Pass %</th>
                    <th>Total Passed Tests</th>
                    <th>Total Skipped Tests</th>
                    <th>Total Failed Tests</th>
                    <th>Total Errors</th>
                    <th>Total xPassed Tests</th>
                    <th>Total xFailed Tests</th>
                </tr>
                <tr class="results-table-row">
                        <td onclick="scroll_to(this)" class="scroller" id="mustang">mustang</td>
                        <td class="summary-result rel_pass"></td>
                        <td class="summary-result">10</td>
                        <td class="summary-result">0</td>
                        <td class="summary-result">0</td>
                        <td class="summary-result">0</td>
                        <td class="summary-result">0</td>
                        <td class="summary-result">0</td>
                    </tr><tr class="results-table-row">
                        <td onclick="scroll_to(this)" class="scroller" id="fiesta">fiesta</td>
                        <td class="summary-result rel_pass"></td>
                        <td class="summary-result">8</td>
                        <td class="summary-result">0</td>
                        <td class="summary-result">2</td>
                        <td class="summary-result">0</td>
                        <td class="summary-result">0</td>
                        <td class="summary-result">0</td>
                    </tr>
                <tr style="font-weight:bold">
                    <td>Totals</td>
                    <td class="rel_pass"></td>
                    <td>18</td>
                    <td>0</td>
                    <td>2</td>
                    <td>0</td>
                    <td>0</td>
                    <td>0</td>
                </tr>
            </table>
            
            
        <h2>model mustang</h2>
        
            
            
            <input 
                    checked="true" 
                    class="filter" 
                    data-suffix-id="mustang-mustang" 
                    data-test-result="passed" 
                    hidden="true" 
                    name="filter_checkbox" 
                    onChange="filter_table(this)" 
                    type="checkbox" 
                />
                <span class="passed">10 passed</span>
            <input 
                    checked="true" 
                    class="filter" 
                    data-suffix-id="mustang-mustang" 
                    data-test-result="skipped" 
                    hidden="true" 
                    name="filter_checkbox" 
                    onChange="filter_table(this)" 
                    type="checkbox" 
                />
                <span class="skipped">0 skipped</span>
            <input 
                    checked="true" 
                    class="filter" 
                    data-suffix-id="mustang-mustang" 
                    data-test-result="failed" 
                    hidden="true" 
                    name="filter_checkbox" 
                    onChange="filter_table(this)" 
                    type="checkbox" 
                />
                <span class="failed">0 failed</span>
            <input 
                    checked="true" 
                    class="filter" 
                    data-suffix-id="mustang-mustang" 
                    data-test-result="error" 
                    hidden="true" 
                    name="filter_checkbox" 
                    onChange="filter_table(this)" 
                    type="checkbox" 
                />
                <span class="error">0 error</span>
            <input 
                    checked="true" 
                    class="filter" 
                    data-suffix-id="mustang-mustang" 
                    data-test-result="xpassed" 
                    hidden="true" 
                    name="filter_checkbox" 
                    onChange="filter_table(this)" 
                    type="checkbox" 
                />
                <span class="xpassed">0 xpassed</span>
            <input 
                    checked="true" 
                    class="filter" 
                    data-suffix-id="mustang-mustang" 
                    data-test-result="xfailed" 
                    hidden="true" 
                    name="filter_checkbox" 
                    onChange="filter_table(this)" 
                    type="checkbox" 
                />
                <span class="xfailed">0 xfailed</span>
            
            <table class="results-table mustang" id="results-table-mustang">
                <thead id="_default-results-table-head">
                    <tr>
                        <th class="sortable result initial-sort" col="result">Result</th>
                        <th class="sortable" col="name">Test</th>
                        <th class="sortable numeric" col="duration">Duration</th>
                    </tr>
                    <tr hidden="true" id="not-found-messagemustang">
                        <th colspan="3">No results found. Try to check the filters</th>
                    </tr>
                </thead>
                <tbody class="passed results-table-row">
                        <tr>
                            <td class="col-result">passed</td>
                            <td class="col-name">tests/test_main.py::test_mustang_engine_cylinders[0-4]</td>
                            <td class="col-duration">0.003</td>
                        </tr>
                        <tr>
                            <td class="extra" colspan="3">
                                <div class="log">No log found.</div>
                            </td>
                        </tr>
                    </tbody><tbody class="passed results-table-row">
                        <tr>
                            <td class="col-result">passed</td>
                            <td class="col-name">tests/test_main.py::test_mustang_engine_cylinders[1-4]</td>
                            <td class="col-duration">0.001</td>
                        </tr>
                        <tr>
                            <td class="extra" colspan="3">
                                <div class="log">No log found.</div>
                            </td>
                        </tr>
                    </tbody><tbody class="passed results-table-row">
                        <tr>
                            <td class="col-result">passed</td>
                            <td class="col-name">tests/test_main.py::test_mustang_wheel_diameter_gt_14[0-4-0]</td>
                            <td class="col-duration">0.001</td>
                        </tr>
                        <tr>
                            <td class="extra" colspan="3">
                                <div class="log">No log found.</div>
                            </td>
                        </tr>
                    </tbody><tbody class="passed results-table-row">
                        <tr>
                            <td class="col-result">passed</td>
                            <td class="col-name">tests/test_main.py::test_mustang_wheel_diameter_gt_14[0-4-1]</td>
                            <td class="col-duration">0.001</td>
                        </tr>
                        <tr>
                            <td class="extra" colspan="3">
                                <div class="log">No log found.</div>
                            </td>
                        </tr>
                    </tbody><tbody class="passed results-table-row">
                        <tr>
                            <td class="col-result">passed</td>
                            <td class="col-name">tests/test_main.py::test_mustang_wheel_diameter_gt_14[0-4-2]</td>
                            <td class="col-duration">0.003</td>
                        </tr>
                        <tr>
                            <td class="extra" colspan="3">
                                <div class="log">No log found.</div>
                            </td>
                        </tr>
                    </tbody><tbody class="passed results-table-row">
                        <tr>
                            <td class="col-result">passed</td>
                            <td class="col-name">tests/test_main.py::test_mustang_wheel_diameter_gt_14[0-4-3]</td>
                            <td class="col-duration">0.001</td>
                        </tr>
                        <tr>
                            <td class="extra" colspan="3">
                                <div class="log">No log found.</div>
                            </td>
                        </tr>
                    </tbody><tbody class="passed results-table-row">
                        <tr>
                            <td class="col-result">passed</td>
                            <td class="col-name">tests/test_main.py::test_mustang_wheel_diameter_gt_14[1-4-0]</td>
                            <td class="col-duration">0.002</td>
                        </tr>
                        <tr>
                            <td class="extra" colspan="3">
                                <div class="log">No log found.</div>
                            </td>
                        </tr>
                    </tbody><tbody class="passed results-table-row">
                        <tr>
                            <td class="col-result">passed</td>
                            <td class="col-name">tests/test_main.py::test_mustang_wheel_diameter_gt_14[1-4-1]</td>
                            <td class="col-duration">0.002</td>
                        </tr>
                        <tr>
                            <td class="extra" colspan="3">
                                <div class="log">No log found.</div>
                            </td>
                        </tr>
                    </tbody><tbody class="passed results-table-row">
                        <tr>
                            <td class="col-result">passed</td>
                            <td class="col-name">tests/test_main.py::test_mustang_wheel_diameter_gt_14[1-4-2]</td>
                            <td class="col-duration">0.002</td>
                        </tr>
                        <tr>
                            <td class="extra" colspan="3">
                                <div class="log">No log found.</div>
                            </td>
                        </tr>
                    </tbody><tbody class="passed results-table-row">
                        <tr>
                            <td class="col-result">passed</td>
                            <td class="col-name">tests/test_main.py::test_mustang_wheel_diameter_gt_14[1-4-3]</td>
                            <td class="col-duration">0.001</td>
                        </tr>
                        <tr>
                            <td class="extra" colspan="3">
                                <div class="log">No log found.</div>
                            </td>
                        </tr>
                    </tbody>
            </table>
        
    
        <h2>model fiesta</h2>
        
            
            
            <input 
                    checked="true" 
                    class="filter" 
                    data-suffix-id="fiesta-fiesta" 
                    data-test-result="passed" 
                    hidden="true" 
                    name="filter_checkbox" 
                    onChange="filter_table(this)" 
                    type="checkbox" 
                />
                <span class="passed">8 passed</span>
            <input 
                    checked="true" 
                    class="filter" 
                    data-suffix-id="fiesta-fiesta" 
                    data-test-result="skipped" 
                    hidden="true" 
                    name="filter_checkbox" 
                    onChange="filter_table(this)" 
                    type="checkbox" 
                />
                <span class="skipped">0 skipped</span>
            <input 
                    checked="true" 
                    class="filter" 
                    data-suffix-id="fiesta-fiesta" 
                    data-test-result="failed" 
                    hidden="true" 
                    name="filter_checkbox" 
                    onChange="filter_table(this)" 
                    type="checkbox" 
                />
                <span class="failed">2 failed</span>
            <input 
                    checked="true" 
                    class="filter" 
                    data-suffix-id="fiesta-fiesta" 
                    data-test-result="error" 
                    hidden="true" 
                    name="filter_checkbox" 
                    onChange="filter_table(this)" 
                    type="checkbox" 
                />
                <span class="error">0 error</span>
            <input 
                    checked="true" 
                    class="filter" 
                    data-suffix-id="fiesta-fiesta" 
                    data-test-result="xpassed" 
                    hidden="true" 
                    name="filter_checkbox" 
                    onChange="filter_table(this)" 
                    type="checkbox" 
                />
                <span class="xpassed">0 xpassed</span>
            <input 
                    checked="true" 
                    class="filter" 
                    data-suffix-id="fiesta-fiesta" 
                    data-test-result="xfailed" 
                    hidden="true" 
                    name="filter_checkbox" 
                    onChange="filter_table(this)" 
                    type="checkbox" 
                />
                <span class="xfailed">0 xfailed</span>
            
            <table class="results-table fiesta" id="results-table-fiesta">
                <thead id="_default-results-table-head">
                    <tr>
                        <th class="sortable result initial-sort" col="result">Result</th>
                        <th class="sortable" col="name">Test</th>
                        <th class="sortable numeric" col="duration">Duration</th>
                    </tr>
                    <tr hidden="true" id="not-found-messagefiesta">
                        <th colspan="3">No results found. Try to check the filters</th>
                    </tr>
                </thead>
                <tbody class="passed results-table-row">
                        <tr>
                            <td class="col-result">passed</td>
                            <td class="col-name">tests/test_main.py::test_fiesta_engine_cylinders[0-4]</td>
                            <td class="col-duration">0.003</td>
                        </tr>
                        <tr>
                            <td class="extra" colspan="3">
                                <div class="log">No log found.</div>
                            </td>
                        </tr>
                    </tbody><tbody class="passed results-table-row">
                        <tr>
                            <td class="col-result">passed</td>
                            <td class="col-name">tests/test_main.py::test_fiesta_engine_cylinders[1-4]</td>
                            <td class="col-duration">0.002</td>
                        </tr>
                        <tr>
                            <td class="extra" colspan="3">
                                <div class="log">No log found.</div>
                            </td>
                        </tr>
                    </tbody><tbody class="passed results-table-row">
                        <tr>
                            <td class="col-result">passed</td>
                            <td class="col-name">tests/test_main.py::test_fiesta_wheel_diameter_gt_12[0-4-0]</td>
                            <td class="col-duration">0.001</td>
                        </tr>
                        <tr>
                            <td class="extra" colspan="3">
                                <div class="log">No log found.</div>
                            </td>
                        </tr>
                    </tbody><tbody class="passed results-table-row">
                        <tr>
                            <td class="col-result">passed</td>
                            <td class="col-name">tests/test_main.py::test_fiesta_wheel_diameter_gt_12[0-4-1]</td>
                            <td class="col-duration">0.002</td>
                        </tr>
                        <tr>
                            <td class="extra" colspan="3">
                                <div class="log">No log found.</div>
                            </td>
                        </tr>
                    </tbody><tbody class="failed results-table-row">
                        <tr>
                            <td class="col-result">failed</td>
                            <td class="col-name">tests/test_main.py::test_fiesta_wheel_diameter_gt_12[0-4-2]</td>
                            <td class="col-duration">0.002</td>
                        </tr>
                        <tr>
                            <td class="extra" colspan="3">
                                <div class="log">fiesta = <racetest.ford.Fiesta object at 0x00000000046ED438>, wheel_num = 2

    @pytest.mark.parametrize('wheel_num', [0,1,2,3])
    def test_fiesta_wheel_diameter_gt_12(fiesta, wheel_num):
        wheel = fiesta.wheels[wheel_num]
>       assert wheel.diameter >= 16
E       assert 15.207711382443938 >= 16
E        +  where 15.207711382443938 = <racetest.car.Wheel object at 0x00000000046EDBE0>.diameter

tests\test_main.py:19: AssertionError</div>
                            </td>
                        </tr>
                    </tbody><tbody class="passed results-table-row">
                        <tr>
                            <td class="col-result">passed</td>
                            <td class="col-name">tests/test_main.py::test_fiesta_wheel_diameter_gt_12[0-4-3]</td>
                            <td class="col-duration">0.002</td>
                        </tr>
                        <tr>
                            <td class="extra" colspan="3">
                                <div class="log">No log found.</div>
                            </td>
                        </tr>
                    </tbody><tbody class="passed results-table-row">
                        <tr>
                            <td class="col-result">passed</td>
                            <td class="col-name">tests/test_main.py::test_fiesta_wheel_diameter_gt_12[1-4-0]</td>
                            <td class="col-duration">0.004</td>
                        </tr>
                        <tr>
                            <td class="extra" colspan="3">
                                <div class="log">No log found.</div>
                            </td>
                        </tr>
                    </tbody><tbody class="passed results-table-row">
                        <tr>
                            <td class="col-result">passed</td>
                            <td class="col-name">tests/test_main.py::test_fiesta_wheel_diameter_gt_12[1-4-1]</td>
                            <td class="col-duration">0.003</td>
                        </tr>
                        <tr>
                            <td class="extra" colspan="3">
                                <div class="log">No log found.</div>
                            </td>
                        </tr>
                    </tbody><tbody class="failed results-table-row">
                        <tr>
                            <td class="col-result">failed</td>
                            <td class="col-name">tests/test_main.py::test_fiesta_wheel_diameter_gt_12[1-4-2]</td>
                            <td class="col-duration">0</td>
                        </tr>
                        <tr>
                            <td class="extra" colspan="3">
                                <div class="log">fiesta = <racetest.ford.Fiesta object at 0x00000000047227B8>, wheel_num = 2

    @pytest.mark.parametrize('wheel_num', [0,1,2,3])
    def test_fiesta_wheel_diameter_gt_12(fiesta, wheel_num):
        wheel = fiesta.wheels[wheel_num]
>       assert wheel.diameter >= 16
E       assert 15.207711382443938 >= 16
E        +  where 15.207711382443938 = <racetest.car.Wheel object at 0x0000000004722CF8>.diameter

tests\test_main.py:19: AssertionError</div>
                            </td>
                        </tr>
                    </tbody><tbody class="passed results-table-row">
                        <tr>
                            <td class="col-result">passed</td>
                            <td class="col-name">tests/test_main.py::test_fiesta_wheel_diameter_gt_12[1-4-3]</td>
                            <td class="col-duration">0.001</td>
                        </tr>
                        <tr>
                            <td class="extra" colspan="3">
                                <div class="log">No log found.</div>
                            </td>
                        </tr>
                    </tbody>
            </table>
        
    
        
    
        <h2>random_seed 5</h2>
        
            
            <table class="results-table summary-table">
                <tr>
                    <th>model</th>
                    <th>Pass %</th>
                    <th>Total Passed Tests</th>
                    <th>Total Skipped Tests</th>
                    <th>Total Failed Tests</th>
                    <th>Total Errors</th>
                    <th>Total xPassed Tests</th>
                    <th>Total xFailed Tests</th>
                </tr>
                <tr class="results-table-row">
                        <td onclick="scroll_to(this)" class="scroller" id="mustang">mustang</td>
                        <td class="summary-result rel_pass"></td>
                        <td class="summary-result">10</td>
                        <td class="summary-result">0</td>
                        <td class="summary-result">0</td>
                        <td class="summary-result">0</td>
                        <td class="summary-result">0</td>
                        <td class="summary-result">0</td>
                    </tr><tr class="results-table-row">
                        <td onclick="scroll_to(this)" class="scroller" id="fiesta">fiesta</td>
                        <td class="summary-result rel_pass"></td>
                        <td class="summary-result">4</td>
                        <td class="summary-result">0</td>
                        <td class="summary-result">6</td>
                        <td class="summary-result">0</td>
                        <td class="summary-result">0</td>
                        <td class="summary-result">0</td>
                    </tr>
                <tr style="font-weight:bold">
                    <td>Totals</td>
                    <td class="rel_pass"></td>
                    <td>14</td>
                    <td>0</td>
                    <td>6</td>
                    <td>0</td>
                    <td>0</td>
                    <td>0</td>
                </tr>
            </table>
            
            
        <h2>model mustang</h2>
        
            
            
            <input 
                    checked="true" 
                    class="filter" 
                    data-suffix-id="mustang-mustang" 
                    data-test-result="passed" 
                    hidden="true" 
                    name="filter_checkbox" 
                    onChange="filter_table(this)" 
                    type="checkbox" 
                />
                <span class="passed">10 passed</span>
            <input 
                    checked="true" 
                    class="filter" 
                    data-suffix-id="mustang-mustang" 
                    data-test-result="skipped" 
                    hidden="true" 
                    name="filter_checkbox" 
                    onChange="filter_table(this)" 
                    type="checkbox" 
                />
                <span class="skipped">0 skipped</span>
            <input 
                    checked="true" 
                    class="filter" 
                    data-suffix-id="mustang-mustang" 
                    data-test-result="failed" 
                    hidden="true" 
                    name="filter_checkbox" 
                    onChange="filter_table(this)" 
                    type="checkbox" 
                />
                <span class="failed">0 failed</span>
            <input 
                    checked="true" 
                    class="filter" 
                    data-suffix-id="mustang-mustang" 
                    data-test-result="error" 
                    hidden="true" 
                    name="filter_checkbox" 
                    onChange="filter_table(this)" 
                    type="checkbox" 
                />
                <span class="error">0 error</span>
            <input 
                    checked="true" 
                    class="filter" 
                    data-suffix-id="mustang-mustang" 
                    data-test-result="xpassed" 
                    hidden="true" 
                    name="filter_checkbox" 
                    onChange="filter_table(this)" 
                    type="checkbox" 
                />
                <span class="xpassed">0 xpassed</span>
            <input 
                    checked="true" 
                    class="filter" 
                    data-suffix-id="mustang-mustang" 
                    data-test-result="xfailed" 
                    hidden="true" 
                    name="filter_checkbox" 
                    onChange="filter_table(this)" 
                    type="checkbox" 
                />
                <span class="xfailed">0 xfailed</span>
            
            <table class="results-table mustang" id="results-table-mustang">
                <thead id="_default-results-table-head">
                    <tr>
                        <th class="sortable result initial-sort" col="result">Result</th>
                        <th class="sortable" col="name">Test</th>
                        <th class="sortable numeric" col="duration">Duration</th>
                    </tr>
                    <tr hidden="true" id="not-found-messagemustang">
                        <th colspan="3">No results found. Try to check the filters</th>
                    </tr>
                </thead>
                <tbody class="passed results-table-row">
                        <tr>
                            <td class="col-result">passed</td>
                            <td class="col-name">tests/test_main.py::test_mustang_engine_cylinders[0-5]</td>
                            <td class="col-duration">0.001</td>
                        </tr>
                        <tr>
                            <td class="extra" colspan="3">
                                <div class="log">No log found.</div>
                            </td>
                        </tr>
                    </tbody><tbody class="passed results-table-row">
                        <tr>
                            <td class="col-result">passed</td>
                            <td class="col-name">tests/test_main.py::test_mustang_engine_cylinders[1-5]</td>
                            <td class="col-duration">0.002</td>
                        </tr>
                        <tr>
                            <td class="extra" colspan="3">
                                <div class="log">No log found.</div>
                            </td>
                        </tr>
                    </tbody><tbody class="passed results-table-row">
                        <tr>
                            <td class="col-result">passed</td>
                            <td class="col-name">tests/test_main.py::test_mustang_wheel_diameter_gt_14[0-5-0]</td>
                            <td class="col-duration">0.002</td>
                        </tr>
                        <tr>
                            <td class="extra" colspan="3">
                                <div class="log">No log found.</div>
                            </td>
                        </tr>
                    </tbody><tbody class="passed results-table-row">
                        <tr>
                            <td class="col-result">passed</td>
                            <td class="col-name">tests/test_main.py::test_mustang_wheel_diameter_gt_14[0-5-1]</td>
                            <td class="col-duration">0.001</td>
                        </tr>
                        <tr>
                            <td class="extra" colspan="3">
                                <div class="log">No log found.</div>
                            </td>
                        </tr>
                    </tbody><tbody class="passed results-table-row">
                        <tr>
                            <td class="col-result">passed</td>
                            <td class="col-name">tests/test_main.py::test_mustang_wheel_diameter_gt_14[0-5-2]</td>
                            <td class="col-duration">0.001</td>
                        </tr>
                        <tr>
                            <td class="extra" colspan="3">
                                <div class="log">No log found.</div>
                            </td>
                        </tr>
                    </tbody><tbody class="passed results-table-row">
                        <tr>
                            <td class="col-result">passed</td>
                            <td class="col-name">tests/test_main.py::test_mustang_wheel_diameter_gt_14[0-5-3]</td>
                            <td class="col-duration">0.002</td>
                        </tr>
                        <tr>
                            <td class="extra" colspan="3">
                                <div class="log">No log found.</div>
                            </td>
                        </tr>
                    </tbody><tbody class="passed results-table-row">
                        <tr>
                            <td class="col-result">passed</td>
                            <td class="col-name">tests/test_main.py::test_mustang_wheel_diameter_gt_14[1-5-0]</td>
                            <td class="col-duration">0.001</td>
                        </tr>
                        <tr>
                            <td class="extra" colspan="3">
                                <div class="log">No log found.</div>
                            </td>
                        </tr>
                    </tbody><tbody class="passed results-table-row">
                        <tr>
                            <td class="col-result">passed</td>
                            <td class="col-name">tests/test_main.py::test_mustang_wheel_diameter_gt_14[1-5-1]</td>
                            <td class="col-duration">0.002</td>
                        </tr>
                        <tr>
                            <td class="extra" colspan="3">
                                <div class="log">No log found.</div>
                            </td>
                        </tr>
                    </tbody><tbody class="passed results-table-row">
                        <tr>
                            <td class="col-result">passed</td>
                            <td class="col-name">tests/test_main.py::test_mustang_wheel_diameter_gt_14[1-5-2]</td>
                            <td class="col-duration">0.001</td>
                        </tr>
                        <tr>
                            <td class="extra" colspan="3">
                                <div class="log">No log found.</div>
                            </td>
                        </tr>
                    </tbody><tbody class="passed results-table-row">
                        <tr>
                            <td class="col-result">passed</td>
                            <td class="col-name">tests/test_main.py::test_mustang_wheel_diameter_gt_14[1-5-3]</td>
                            <td class="col-duration">0.001</td>
                        </tr>
                        <tr>
                            <td class="extra" colspan="3">
                                <div class="log">No log found.</div>
                            </td>
                        </tr>
                    </tbody>
            </table>
        
    
        <h2>model fiesta</h2>
        
            
            
            <input 
                    checked="true" 
                    class="filter" 
                    data-suffix-id="fiesta-fiesta" 
                    data-test-result="passed" 
                    hidden="true" 
                    name="filter_checkbox" 
                    onChange="filter_table(this)" 
                    type="checkbox" 
                />
                <span class="passed">4 passed</span>
            <input 
                    checked="true" 
                    class="filter" 
                    data-suffix-id="fiesta-fiesta" 
                    data-test-result="skipped" 
                    hidden="true" 
                    name="filter_checkbox" 
                    onChange="filter_table(this)" 
                    type="checkbox" 
                />
                <span class="skipped">0 skipped</span>
            <input 
                    checked="true" 
                    class="filter" 
                    data-suffix-id="fiesta-fiesta" 
                    data-test-result="failed" 
                    hidden="true" 
                    name="filter_checkbox" 
                    onChange="filter_table(this)" 
                    type="checkbox" 
                />
                <span class="failed">6 failed</span>
            <input 
                    checked="true" 
                    class="filter" 
                    data-suffix-id="fiesta-fiesta" 
                    data-test-result="error" 
                    hidden="true" 
                    name="filter_checkbox" 
                    onChange="filter_table(this)" 
                    type="checkbox" 
                />
                <span class="error">0 error</span>
            <input 
                    checked="true" 
                    class="filter" 
                    data-suffix-id="fiesta-fiesta" 
                    data-test-result="xpassed" 
                    hidden="true" 
                    name="filter_checkbox" 
                    onChange="filter_table(this)" 
                    type="checkbox" 
                />
                <span class="xpassed">0 xpassed</span>
            <input 
                    checked="true" 
                    class="filter" 
                    data-suffix-id="fiesta-fiesta" 
                    data-test-result="xfailed" 
                    hidden="true" 
                    name="filter_checkbox" 
                    onChange="filter_table(this)" 
                    type="checkbox" 
                />
                <span class="xfailed">0 xfailed</span>
            
            <table class="results-table fiesta" id="results-table-fiesta">
                <thead id="_default-results-table-head">
                    <tr>
                        <th class="sortable result initial-sort" col="result">Result</th>
                        <th class="sortable" col="name">Test</th>
                        <th class="sortable numeric" col="duration">Duration</th>
                    </tr>
                    <tr hidden="true" id="not-found-messagefiesta">
                        <th colspan="3">No results found. Try to check the filters</th>
                    </tr>
                </thead>
                <tbody class="passed results-table-row">
                        <tr>
                            <td class="col-result">passed</td>
                            <td class="col-name">tests/test_main.py::test_fiesta_engine_cylinders[0-5]</td>
                            <td class="col-duration">0.001</td>
                        </tr>
                        <tr>
                            <td class="extra" colspan="3">
                                <div class="log">No log found.</div>
                            </td>
                        </tr>
                    </tbody><tbody class="passed results-table-row">
                        <tr>
                            <td class="col-result">passed</td>
                            <td class="col-name">tests/test_main.py::test_fiesta_engine_cylinders[1-5]</td>
                            <td class="col-duration">0.002</td>
                        </tr>
                        <tr>
                            <td class="extra" colspan="3">
                                <div class="log">No log found.</div>
                            </td>
                        </tr>
                    </tbody><tbody class="failed results-table-row">
                        <tr>
                            <td class="col-result">failed</td>
                            <td class="col-name">tests/test_main.py::test_fiesta_wheel_diameter_gt_12[0-5-0]</td>
                            <td class="col-duration">0.002</td>
                        </tr>
                        <tr>
                            <td class="extra" colspan="3">
                                <div class="log">fiesta = <racetest.ford.Fiesta object at 0x000000000471D860>, wheel_num = 0

    @pytest.mark.parametrize('wheel_num', [0,1,2,3])
    def test_fiesta_wheel_diameter_gt_12(fiesta, wheel_num):
        wheel = fiesta.wheels[wheel_num]
>       assert wheel.diameter >= 16
E       assert 15.834564924052955 >= 16
E        +  where 15.834564924052955 = <racetest.car.Wheel object at 0x000000000471DB70>.diameter

tests\test_main.py:19: AssertionError</div>
                            </td>
                        </tr>
                    </tbody><tbody class="failed results-table-row">
                        <tr>
                            <td class="col-result">failed</td>
                            <td class="col-name">tests/test_main.py::test_fiesta_wheel_diameter_gt_12[0-5-1]</td>
                            <td class="col-duration">0.002</td>
                        </tr>
                        <tr>
                            <td class="extra" colspan="3">
                                <div class="log">fiesta = <racetest.ford.Fiesta object at 0x00000000046B18D0>, wheel_num = 1

    @pytest.mark.parametrize('wheel_num', [0,1,2,3])
    def test_fiesta_wheel_diameter_gt_12(fiesta, wheel_num):
        wheel = fiesta.wheels[wheel_num]
>       assert wheel.diameter >= 16
E       assert 15.873953935198461 >= 16
E        +  where 15.873953935198461 = <racetest.car.Wheel object at 0x00000000046B1160>.diameter

tests\test_main.py:19: AssertionError</div>
                            </td>
                        </tr>
                    </tbody><tbody class="passed results-table-row">
                        <tr>
                            <td class="col-result">passed</td>
                            <td class="col-name">tests/test_main.py::test_fiesta_wheel_diameter_gt_12[0-5-2]</td>
                            <td class="col-duration">0.001</td>
                        </tr>
                        <tr>
                            <td class="extra" colspan="3">
                                <div class="log">No log found.</div>
                            </td>
                        </tr>
                    </tbody><tbody class="failed results-table-row">
                        <tr>
                            <td class="col-result">failed</td>
                            <td class="col-name">tests/test_main.py::test_fiesta_wheel_diameter_gt_12[0-5-3]</td>
                            <td class="col-duration">0.001</td>
                        </tr>
                        <tr>
                            <td class="extra" colspan="3">
                                <div class="log">fiesta = <racetest.ford.Fiesta object at 0x0000000004722F98>, wheel_num = 3

    @pytest.mark.parametrize('wheel_num', [0,1,2,3])
    def test_fiesta_wheel_diameter_gt_12(fiesta, wheel_num):
        wheel = fiesta.wheels[wheel_num]
>       assert wheel.diameter >= 16
E       assert 15.704181671034856 >= 16
E        +  where 15.704181671034856 = <racetest.car.Wheel object at 0x0000000004722860>.diameter

tests\test_main.py:19: AssertionError</div>
                            </td>
                        </tr>
                    </tbody><tbody class="failed results-table-row">
                        <tr>
                            <td class="col-result">failed</td>
                            <td class="col-name">tests/test_main.py::test_fiesta_wheel_diameter_gt_12[1-5-0]</td>
                            <td class="col-duration">0.002</td>
                        </tr>
                        <tr>
                            <td class="extra" colspan="3">
                                <div class="log">fiesta = <racetest.ford.Fiesta object at 0x00000000046EDA90>, wheel_num = 0

    @pytest.mark.parametrize('wheel_num', [0,1,2,3])
    def test_fiesta_wheel_diameter_gt_12(fiesta, wheel_num):
        wheel = fiesta.wheels[wheel_num]
>       assert wheel.diameter >= 16
E       assert 15.834564924052955 >= 16
E        +  where 15.834564924052955 = <racetest.car.Wheel object at 0x00000000046EDB00>.diameter

tests\test_main.py:19: AssertionError</div>
                            </td>
                        </tr>
                    </tbody><tbody class="failed results-table-row">
                        <tr>
                            <td class="col-result">failed</td>
                            <td class="col-name">tests/test_main.py::test_fiesta_wheel_diameter_gt_12[1-5-1]</td>
                            <td class="col-duration">0.001</td>
                        </tr>
                        <tr>
                            <td class="extra" colspan="3">
                                <div class="log">fiesta = <racetest.ford.Fiesta object at 0x0000000004753438>, wheel_num = 1

    @pytest.mark.parametrize('wheel_num', [0,1,2,3])
    def test_fiesta_wheel_diameter_gt_12(fiesta, wheel_num):
        wheel = fiesta.wheels[wheel_num]
>       assert wheel.diameter >= 16
E       assert 15.873953935198461 >= 16
E        +  where 15.873953935198461 = <racetest.car.Wheel object at 0x0000000004753898>.diameter

tests\test_main.py:19: AssertionError</div>
                            </td>
                        </tr>
                    </tbody><tbody class="passed results-table-row">
                        <tr>
                            <td class="col-result">passed</td>
                            <td class="col-name">tests/test_main.py::test_fiesta_wheel_diameter_gt_12[1-5-2]</td>
                            <td class="col-duration">0.002</td>
                        </tr>
                        <tr>
                            <td class="extra" colspan="3">
                                <div class="log">No log found.</div>
                            </td>
                        </tr>
                    </tbody><tbody class="failed results-table-row">
                        <tr>
                            <td class="col-result">failed</td>
                            <td class="col-name">tests/test_main.py::test_fiesta_wheel_diameter_gt_12[1-5-3]</td>
                            <td class="col-duration">0.002</td>
                        </tr>
                        <tr>
                            <td class="extra" colspan="3">
                                <div class="log">fiesta = <racetest.ford.Fiesta object at 0x000000000467C908>, wheel_num = 3

    @pytest.mark.parametrize('wheel_num', [0,1,2,3])
    def test_fiesta_wheel_diameter_gt_12(fiesta, wheel_num):
        wheel = fiesta.wheels[wheel_num]
>       assert wheel.diameter >= 16
E       assert 15.704181671034856 >= 16
E        +  where 15.704181671034856 = <racetest.car.Wheel object at 0x000000000467C9E8>.diameter

tests\test_main.py:19: AssertionError</div>
                            </td>
                        </tr>
                    </tbody>
            </table>
        
    
        
    
        <h2>random_seed 6</h2>
        
            
            <table class="results-table summary-table">
                <tr>
                    <th>model</th>
                    <th>Pass %</th>
                    <th>Total Passed Tests</th>
                    <th>Total Skipped Tests</th>
                    <th>Total Failed Tests</th>
                    <th>Total Errors</th>
                    <th>Total xPassed Tests</th>
                    <th>Total xFailed Tests</th>
                </tr>
                <tr class="results-table-row">
                        <td onclick="scroll_to(this)" class="scroller" id="mustang">mustang</td>
                        <td class="summary-result rel_pass"></td>
                        <td class="summary-result">10</td>
                        <td class="summary-result">0</td>
                        <td class="summary-result">0</td>
                        <td class="summary-result">0</td>
                        <td class="summary-result">0</td>
                        <td class="summary-result">0</td>
                    </tr><tr class="results-table-row">
                        <td onclick="scroll_to(this)" class="scroller" id="fiesta">fiesta</td>
                        <td class="summary-result rel_pass"></td>
                        <td class="summary-result">6</td>
                        <td class="summary-result">0</td>
                        <td class="summary-result">4</td>
                        <td class="summary-result">0</td>
                        <td class="summary-result">0</td>
                        <td class="summary-result">0</td>
                    </tr>
                <tr style="font-weight:bold">
                    <td>Totals</td>
                    <td class="rel_pass"></td>
                    <td>16</td>
                    <td>0</td>
                    <td>4</td>
                    <td>0</td>
                    <td>0</td>
                    <td>0</td>
                </tr>
            </table>
            
            
        <h2>model mustang</h2>
        
            
            
            <input 
                    checked="true" 
                    class="filter" 
                    data-suffix-id="mustang-mustang" 
                    data-test-result="passed" 
                    hidden="true" 
                    name="filter_checkbox" 
                    onChange="filter_table(this)" 
                    type="checkbox" 
                />
                <span class="passed">10 passed</span>
            <input 
                    checked="true" 
                    class="filter" 
                    data-suffix-id="mustang-mustang" 
                    data-test-result="skipped" 
                    hidden="true" 
                    name="filter_checkbox" 
                    onChange="filter_table(this)" 
                    type="checkbox" 
                />
                <span class="skipped">0 skipped</span>
            <input 
                    checked="true" 
                    class="filter" 
                    data-suffix-id="mustang-mustang" 
                    data-test-result="failed" 
                    hidden="true" 
                    name="filter_checkbox" 
                    onChange="filter_table(this)" 
                    type="checkbox" 
                />
                <span class="failed">0 failed</span>
            <input 
                    checked="true" 
                    class="filter" 
                    data-suffix-id="mustang-mustang" 
                    data-test-result="error" 
                    hidden="true" 
                    name="filter_checkbox" 
                    onChange="filter_table(this)" 
                    type="checkbox" 
                />
                <span class="error">0 error</span>
            <input 
                    checked="true" 
                    class="filter" 
                    data-suffix-id="mustang-mustang" 
                    data-test-result="xpassed" 
                    hidden="true" 
                    name="filter_checkbox" 
                    onChange="filter_table(this)" 
                    type="checkbox" 
                />
                <span class="xpassed">0 xpassed</span>
            <input 
                    checked="true" 
                    class="filter" 
                    data-suffix-id="mustang-mustang" 
                    data-test-result="xfailed" 
                    hidden="true" 
                    name="filter_checkbox" 
                    onChange="filter_table(this)" 
                    type="checkbox" 
                />
                <span class="xfailed">0 xfailed</span>
            
            <table class="results-table mustang" id="results-table-mustang">
                <thead id="_default-results-table-head">
                    <tr>
                        <th class="sortable result initial-sort" col="result">Result</th>
                        <th class="sortable" col="name">Test</th>
                        <th class="sortable numeric" col="duration">Duration</th>
                    </tr>
                    <tr hidden="true" id="not-found-messagemustang">
                        <th colspan="3">No results found. Try to check the filters</th>
                    </tr>
                </thead>
                <tbody class="passed results-table-row">
                        <tr>
                            <td class="col-result">passed</td>
                            <td class="col-name">tests/test_main.py::test_mustang_engine_cylinders[0-6]</td>
                            <td class="col-duration">0.001</td>
                        </tr>
                        <tr>
                            <td class="extra" colspan="3">
                                <div class="log">No log found.</div>
                            </td>
                        </tr>
                    </tbody><tbody class="passed results-table-row">
                        <tr>
                            <td class="col-result">passed</td>
                            <td class="col-name">tests/test_main.py::test_mustang_engine_cylinders[1-6]</td>
                            <td class="col-duration">0.002</td>
                        </tr>
                        <tr>
                            <td class="extra" colspan="3">
                                <div class="log">No log found.</div>
                            </td>
                        </tr>
                    </tbody><tbody class="passed results-table-row">
                        <tr>
                            <td class="col-result">passed</td>
                            <td class="col-name">tests/test_main.py::test_mustang_wheel_diameter_gt_14[0-6-0]</td>
                            <td class="col-duration">0.001</td>
                        </tr>
                        <tr>
                            <td class="extra" colspan="3">
                                <div class="log">No log found.</div>
                            </td>
                        </tr>
                    </tbody><tbody class="passed results-table-row">
                        <tr>
                            <td class="col-result">passed</td>
                            <td class="col-name">tests/test_main.py::test_mustang_wheel_diameter_gt_14[0-6-1]</td>
                            <td class="col-duration">0.002</td>
                        </tr>
                        <tr>
                            <td class="extra" colspan="3">
                                <div class="log">No log found.</div>
                            </td>
                        </tr>
                    </tbody><tbody class="passed results-table-row">
                        <tr>
                            <td class="col-result">passed</td>
                            <td class="col-name">tests/test_main.py::test_mustang_wheel_diameter_gt_14[0-6-2]</td>
                            <td class="col-duration">0.002</td>
                        </tr>
                        <tr>
                            <td class="extra" colspan="3">
                                <div class="log">No log found.</div>
                            </td>
                        </tr>
                    </tbody><tbody class="passed results-table-row">
                        <tr>
                            <td class="col-result">passed</td>
                            <td class="col-name">tests/test_main.py::test_mustang_wheel_diameter_gt_14[0-6-3]</td>
                            <td class="col-duration">0.002</td>
                        </tr>
                        <tr>
                            <td class="extra" colspan="3">
                                <div class="log">No log found.</div>
                            </td>
                        </tr>
                    </tbody><tbody class="passed results-table-row">
                        <tr>
                            <td class="col-result">passed</td>
                            <td class="col-name">tests/test_main.py::test_mustang_wheel_diameter_gt_14[1-6-0]</td>
                            <td class="col-duration">0.002</td>
                        </tr>
                        <tr>
                            <td class="extra" colspan="3">
                                <div class="log">No log found.</div>
                            </td>
                        </tr>
                    </tbody><tbody class="passed results-table-row">
                        <tr>
                            <td class="col-result">passed</td>
                            <td class="col-name">tests/test_main.py::test_mustang_wheel_diameter_gt_14[1-6-1]</td>
                            <td class="col-duration">0.001</td>
                        </tr>
                        <tr>
                            <td class="extra" colspan="3">
                                <div class="log">No log found.</div>
                            </td>
                        </tr>
                    </tbody><tbody class="passed results-table-row">
                        <tr>
                            <td class="col-result">passed</td>
                            <td class="col-name">tests/test_main.py::test_mustang_wheel_diameter_gt_14[1-6-2]</td>
                            <td class="col-duration">0.002</td>
                        </tr>
                        <tr>
                            <td class="extra" colspan="3">
                                <div class="log">No log found.</div>
                            </td>
                        </tr>
                    </tbody><tbody class="passed results-table-row">
                        <tr>
                            <td class="col-result">passed</td>
                            <td class="col-name">tests/test_main.py::test_mustang_wheel_diameter_gt_14[1-6-3]</td>
                            <td class="col-duration">0.001</td>
                        </tr>
                        <tr>
                            <td class="extra" colspan="3">
                                <div class="log">No log found.</div>
                            </td>
                        </tr>
                    </tbody>
            </table>
        
    
        <h2>model fiesta</h2>
        
            
            
            <input 
                    checked="true" 
                    class="filter" 
                    data-suffix-id="fiesta-fiesta" 
                    data-test-result="passed" 
                    hidden="true" 
                    name="filter_checkbox" 
                    onChange="filter_table(this)" 
                    type="checkbox" 
                />
                <span class="passed">6 passed</span>
            <input 
                    checked="true" 
                    class="filter" 
                    data-suffix-id="fiesta-fiesta" 
                    data-test-result="skipped" 
                    hidden="true" 
                    name="filter_checkbox" 
                    onChange="filter_table(this)" 
                    type="checkbox" 
                />
                <span class="skipped">0 skipped</span>
            <input 
                    checked="true" 
                    class="filter" 
                    data-suffix-id="fiesta-fiesta" 
                    data-test-result="failed" 
                    hidden="true" 
                    name="filter_checkbox" 
                    onChange="filter_table(this)" 
                    type="checkbox" 
                />
                <span class="failed">4 failed</span>
            <input 
                    checked="true" 
                    class="filter" 
                    data-suffix-id="fiesta-fiesta" 
                    data-test-result="error" 
                    hidden="true" 
                    name="filter_checkbox" 
                    onChange="filter_table(this)" 
                    type="checkbox" 
                />
                <span class="error">0 error</span>
            <input 
                    checked="true" 
                    class="filter" 
                    data-suffix-id="fiesta-fiesta" 
                    data-test-result="xpassed" 
                    hidden="true" 
                    name="filter_checkbox" 
                    onChange="filter_table(this)" 
                    type="checkbox" 
                />
                <span class="xpassed">0 xpassed</span>
            <input 
                    checked="true" 
                    class="filter" 
                    data-suffix-id="fiesta-fiesta" 
                    data-test-result="xfailed" 
                    hidden="true" 
                    name="filter_checkbox" 
                    onChange="filter_table(this)" 
                    type="checkbox" 
                />
                <span class="xfailed">0 xfailed</span>
            
            <table class="results-table fiesta" id="results-table-fiesta">
                <thead id="_default-results-table-head">
                    <tr>
                        <th class="sortable result initial-sort" col="result">Result</th>
                        <th class="sortable" col="name">Test</th>
                        <th class="sortable numeric" col="duration">Duration</th>
                    </tr>
                    <tr hidden="true" id="not-found-messagefiesta">
                        <th colspan="3">No results found. Try to check the filters</th>
                    </tr>
                </thead>
                <tbody class="passed results-table-row">
                        <tr>
                            <td class="col-result">passed</td>
                            <td class="col-name">tests/test_main.py::test_fiesta_engine_cylinders[0-6]</td>
                            <td class="col-duration">0.001</td>
                        </tr>
                        <tr>
                            <td class="extra" colspan="3">
                                <div class="log">No log found.</div>
                            </td>
                        </tr>
                    </tbody><tbody class="passed results-table-row">
                        <tr>
                            <td class="col-result">passed</td>
                            <td class="col-name">tests/test_main.py::test_fiesta_engine_cylinders[1-6]</td>
                            <td class="col-duration">0.001</td>
                        </tr>
                        <tr>
                            <td class="extra" colspan="3">
                                <div class="log">No log found.</div>
                            </td>
                        </tr>
                    </tbody><tbody class="passed results-table-row">
                        <tr>
                            <td class="col-result">passed</td>
                            <td class="col-name">tests/test_main.py::test_fiesta_wheel_diameter_gt_12[0-6-0]</td>
                            <td class="col-duration">0.001</td>
                        </tr>
                        <tr>
                            <td class="extra" colspan="3">
                                <div class="log">No log found.</div>
                            </td>
                        </tr>
                    </tbody><tbody class="failed results-table-row">
                        <tr>
                            <td class="col-result">failed</td>
                            <td class="col-name">tests/test_main.py::test_fiesta_wheel_diameter_gt_12[0-6-1]</td>
                            <td class="col-duration">0.003</td>
                        </tr>
                        <tr>
                            <td class="extra" colspan="3">
                                <div class="log">fiesta = <racetest.ford.Fiesta object at 0x000000000471D9E8>, wheel_num = 1

    @pytest.mark.parametrize('wheel_num', [0,1,2,3])
    def test_fiesta_wheel_diameter_gt_12(fiesta, wheel_num):
        wheel = fiesta.wheels[wheel_num]
>       assert wheel.diameter >= 16
E       assert 15.55045410172643 >= 16
E        +  where 15.55045410172643 = <racetest.car.Wheel object at 0x000000000472E898>.diameter

tests\test_main.py:19: AssertionError</div>
                            </td>
                        </tr>
                    </tbody><tbody class="passed results-table-row">
                        <tr>
                            <td class="col-result">passed</td>
                            <td class="col-name">tests/test_main.py::test_fiesta_wheel_diameter_gt_12[0-6-2]</td>
                            <td class="col-duration">0.002</td>
                        </tr>
                        <tr>
                            <td class="extra" colspan="3">
                                <div class="log">No log found.</div>
                            </td>
                        </tr>
                    </tbody><tbody class="failed results-table-row">
                        <tr>
                            <td class="col-result">failed</td>
                            <td class="col-name">tests/test_main.py::test_fiesta_wheel_diameter_gt_12[0-6-3]</td>
                            <td class="col-duration">0.002</td>
                        </tr>
                        <tr>
                            <td class="extra" colspan="3">
                                <div class="log">fiesta = <racetest.ford.Fiesta object at 0x000000000472EBE0>, wheel_num = 3

    @pytest.mark.parametrize('wheel_num', [0,1,2,3])
    def test_fiesta_wheel_diameter_gt_12(fiesta, wheel_num):
        wheel = fiesta.wheels[wheel_num]
>       assert wheel.diameter >= 16
E       assert 15.242953385684892 >= 16
E        +  where 15.242953385684892 = <racetest.car.Wheel object at 0x000000000472E278>.diameter

tests\test_main.py:19: AssertionError</div>
                            </td>
                        </tr>
                    </tbody><tbody class="passed results-table-row">
                        <tr>
                            <td class="col-result">passed</td>
                            <td class="col-name">tests/test_main.py::test_fiesta_wheel_diameter_gt_12[1-6-0]</td>
                            <td class="col-duration">0.001</td>
                        </tr>
                        <tr>
                            <td class="extra" colspan="3">
                                <div class="log">No log found.</div>
                            </td>
                        </tr>
                    </tbody><tbody class="failed results-table-row">
                        <tr>
                            <td class="col-result">failed</td>
                            <td class="col-name">tests/test_main.py::test_fiesta_wheel_diameter_gt_12[1-6-1]</td>
                            <td class="col-duration">0.004</td>
                        </tr>
                        <tr>
                            <td class="extra" colspan="3">
                                <div class="log">fiesta = <racetest.ford.Fiesta object at 0x000000000475C710>, wheel_num = 1

    @pytest.mark.parametrize('wheel_num', [0,1,2,3])
    def test_fiesta_wheel_diameter_gt_12(fiesta, wheel_num):
        wheel = fiesta.wheels[wheel_num]
>       assert wheel.diameter >= 16
E       assert 15.55045410172643 >= 16
E        +  where 15.55045410172643 = <racetest.car.Wheel object at 0x000000000475CB38>.diameter

tests\test_main.py:19: AssertionError</div>
                            </td>
                        </tr>
                    </tbody><tbody class="passed results-table-row">
                        <tr>
                            <td class="col-result">passed</td>
                            <td class="col-name">tests/test_main.py::test_fiesta_wheel_diameter_gt_12[1-6-2]</td>
                            <td class="col-duration">0.002</td>
                        </tr>
                        <tr>
                            <td class="extra" colspan="3">
                                <div class="log">No log found.</div>
                            </td>
                        </tr>
                    </tbody><tbody class="failed results-table-row">
                        <tr>
                            <td class="col-result">failed</td>
                            <td class="col-name">tests/test_main.py::test_fiesta_wheel_diameter_gt_12[1-6-3]</td>
                            <td class="col-duration">0.002</td>
                        </tr>
                        <tr>
                            <td class="extra" colspan="3">
                                <div class="log">fiesta = <racetest.ford.Fiesta object at 0x0000000004704160>, wheel_num = 3

    @pytest.mark.parametrize('wheel_num', [0,1,2,3])
    def test_fiesta_wheel_diameter_gt_12(fiesta, wheel_num):
        wheel = fiesta.wheels[wheel_num]
>       assert wheel.diameter >= 16
E       assert 15.242953385684892 >= 16
E        +  where 15.242953385684892 = <racetest.car.Wheel object at 0x0000000004704EB8>.diameter

tests\test_main.py:19: AssertionError</div>
                            </td>
                        </tr>
                    </tbody>
            </table>
        
    
        
    
        <h2>random_seed 7</h2>
        
            
            <table class="results-table summary-table">
                <tr>
                    <th>model</th>
                    <th>Pass %</th>
                    <th>Total Passed Tests</th>
                    <th>Total Skipped Tests</th>
                    <th>Total Failed Tests</th>
                    <th>Total Errors</th>
                    <th>Total xPassed Tests</th>
                    <th>Total xFailed Tests</th>
                </tr>
                <tr class="results-table-row">
                        <td onclick="scroll_to(this)" class="scroller" id="mustang">mustang</td>
                        <td class="summary-result rel_pass"></td>
                        <td class="summary-result">10</td>
                        <td class="summary-result">0</td>
                        <td class="summary-result">0</td>
                        <td class="summary-result">0</td>
                        <td class="summary-result">0</td>
                        <td class="summary-result">0</td>
                    </tr><tr class="results-table-row">
                        <td onclick="scroll_to(this)" class="scroller" id="fiesta">fiesta</td>
                        <td class="summary-result rel_pass"></td>
                        <td class="summary-result">6</td>
                        <td class="summary-result">0</td>
                        <td class="summary-result">4</td>
                        <td class="summary-result">0</td>
                        <td class="summary-result">0</td>
                        <td class="summary-result">0</td>
                    </tr>
                <tr style="font-weight:bold">
                    <td>Totals</td>
                    <td class="rel_pass"></td>
                    <td>16</td>
                    <td>0</td>
                    <td>4</td>
                    <td>0</td>
                    <td>0</td>
                    <td>0</td>
                </tr>
            </table>
            
            
        <h2>model mustang</h2>
        
            
            
            <input 
                    checked="true" 
                    class="filter" 
                    data-suffix-id="mustang-mustang" 
                    data-test-result="passed" 
                    hidden="true" 
                    name="filter_checkbox" 
                    onChange="filter_table(this)" 
                    type="checkbox" 
                />
                <span class="passed">10 passed</span>
            <input 
                    checked="true" 
                    class="filter" 
                    data-suffix-id="mustang-mustang" 
                    data-test-result="skipped" 
                    hidden="true" 
                    name="filter_checkbox" 
                    onChange="filter_table(this)" 
                    type="checkbox" 
                />
                <span class="skipped">0 skipped</span>
            <input 
                    checked="true" 
                    class="filter" 
                    data-suffix-id="mustang-mustang" 
                    data-test-result="failed" 
                    hidden="true" 
                    name="filter_checkbox" 
                    onChange="filter_table(this)" 
                    type="checkbox" 
                />
                <span class="failed">0 failed</span>
            <input 
                    checked="true" 
                    class="filter" 
                    data-suffix-id="mustang-mustang" 
                    data-test-result="error" 
                    hidden="true" 
                    name="filter_checkbox" 
                    onChange="filter_table(this)" 
                    type="checkbox" 
                />
                <span class="error">0 error</span>
            <input 
                    checked="true" 
                    class="filter" 
                    data-suffix-id="mustang-mustang" 
                    data-test-result="xpassed" 
                    hidden="true" 
                    name="filter_checkbox" 
                    onChange="filter_table(this)" 
                    type="checkbox" 
                />
                <span class="xpassed">0 xpassed</span>
            <input 
                    checked="true" 
                    class="filter" 
                    data-suffix-id="mustang-mustang" 
                    data-test-result="xfailed" 
                    hidden="true" 
                    name="filter_checkbox" 
                    onChange="filter_table(this)" 
                    type="checkbox" 
                />
                <span class="xfailed">0 xfailed</span>
            
            <table class="results-table mustang" id="results-table-mustang">
                <thead id="_default-results-table-head">
                    <tr>
                        <th class="sortable result initial-sort" col="result">Result</th>
                        <th class="sortable" col="name">Test</th>
                        <th class="sortable numeric" col="duration">Duration</th>
                    </tr>
                    <tr hidden="true" id="not-found-messagemustang">
                        <th colspan="3">No results found. Try to check the filters</th>
                    </tr>
                </thead>
                <tbody class="passed results-table-row">
                        <tr>
                            <td class="col-result">passed</td>
                            <td class="col-name">tests/test_main.py::test_mustang_engine_cylinders[0-7]</td>
                            <td class="col-duration">0.001</td>
                        </tr>
                        <tr>
                            <td class="extra" colspan="3">
                                <div class="log">No log found.</div>
                            </td>
                        </tr>
                    </tbody><tbody class="passed results-table-row">
                        <tr>
                            <td class="col-result">passed</td>
                            <td class="col-name">tests/test_main.py::test_mustang_engine_cylinders[1-7]</td>
                            <td class="col-duration">0.002</td>
                        </tr>
                        <tr>
                            <td class="extra" colspan="3">
                                <div class="log">No log found.</div>
                            </td>
                        </tr>
                    </tbody><tbody class="passed results-table-row">
                        <tr>
                            <td class="col-result">passed</td>
                            <td class="col-name">tests/test_main.py::test_mustang_wheel_diameter_gt_14[0-7-0]</td>
                            <td class="col-duration">0.001</td>
                        </tr>
                        <tr>
                            <td class="extra" colspan="3">
                                <div class="log">No log found.</div>
                            </td>
                        </tr>
                    </tbody><tbody class="passed results-table-row">
                        <tr>
                            <td class="col-result">passed</td>
                            <td class="col-name">tests/test_main.py::test_mustang_wheel_diameter_gt_14[0-7-1]</td>
                            <td class="col-duration">0.001</td>
                        </tr>
                        <tr>
                            <td class="extra" colspan="3">
                                <div class="log">No log found.</div>
                            </td>
                        </tr>
                    </tbody><tbody class="passed results-table-row">
                        <tr>
                            <td class="col-result">passed</td>
                            <td class="col-name">tests/test_main.py::test_mustang_wheel_diameter_gt_14[0-7-2]</td>
                            <td class="col-duration">0.002</td>
                        </tr>
                        <tr>
                            <td class="extra" colspan="3">
                                <div class="log">No log found.</div>
                            </td>
                        </tr>
                    </tbody><tbody class="passed results-table-row">
                        <tr>
                            <td class="col-result">passed</td>
                            <td class="col-name">tests/test_main.py::test_mustang_wheel_diameter_gt_14[0-7-3]</td>
                            <td class="col-duration">0.001</td>
                        </tr>
                        <tr>
                            <td class="extra" colspan="3">
                                <div class="log">No log found.</div>
                            </td>
                        </tr>
                    </tbody><tbody class="passed results-table-row">
                        <tr>
                            <td class="col-result">passed</td>
                            <td class="col-name">tests/test_main.py::test_mustang_wheel_diameter_gt_14[1-7-0]</td>
                            <td class="col-duration">0.001</td>
                        </tr>
                        <tr>
                            <td class="extra" colspan="3">
                                <div class="log">No log found.</div>
                            </td>
                        </tr>
                    </tbody><tbody class="passed results-table-row">
                        <tr>
                            <td class="col-result">passed</td>
                            <td class="col-name">tests/test_main.py::test_mustang_wheel_diameter_gt_14[1-7-1]</td>
                            <td class="col-duration">0.001</td>
                        </tr>
                        <tr>
                            <td class="extra" colspan="3">
                                <div class="log">No log found.</div>
                            </td>
                        </tr>
                    </tbody><tbody class="passed results-table-row">
                        <tr>
                            <td class="col-result">passed</td>
                            <td class="col-name">tests/test_main.py::test_mustang_wheel_diameter_gt_14[1-7-2]</td>
                            <td class="col-duration">0.001</td>
                        </tr>
                        <tr>
                            <td class="extra" colspan="3">
                                <div class="log">No log found.</div>
                            </td>
                        </tr>
                    </tbody><tbody class="passed results-table-row">
                        <tr>
                            <td class="col-result">passed</td>
                            <td class="col-name">tests/test_main.py::test_mustang_wheel_diameter_gt_14[1-7-3]</td>
                            <td class="col-duration">0.001</td>
                        </tr>
                        <tr>
                            <td class="extra" colspan="3">
                                <div class="log">No log found.</div>
                            </td>
                        </tr>
                    </tbody>
            </table>
        
    
        <h2>model fiesta</h2>
        
            
            
            <input 
                    checked="true" 
                    class="filter" 
                    data-suffix-id="fiesta-fiesta" 
                    data-test-result="passed" 
                    hidden="true" 
                    name="filter_checkbox" 
                    onChange="filter_table(this)" 
                    type="checkbox" 
                />
                <span class="passed">6 passed</span>
            <input 
                    checked="true" 
                    class="filter" 
                    data-suffix-id="fiesta-fiesta" 
                    data-test-result="skipped" 
                    hidden="true" 
                    name="filter_checkbox" 
                    onChange="filter_table(this)" 
                    type="checkbox" 
                />
                <span class="skipped">0 skipped</span>
            <input 
                    checked="true" 
                    class="filter" 
                    data-suffix-id="fiesta-fiesta" 
                    data-test-result="failed" 
                    hidden="true" 
                    name="filter_checkbox" 
                    onChange="filter_table(this)" 
                    type="checkbox" 
                />
                <span class="failed">4 failed</span>
            <input 
                    checked="true" 
                    class="filter" 
                    data-suffix-id="fiesta-fiesta" 
                    data-test-result="error" 
                    hidden="true" 
                    name="filter_checkbox" 
                    onChange="filter_table(this)" 
                    type="checkbox" 
                />
                <span class="error">0 error</span>
            <input 
                    checked="true" 
                    class="filter" 
                    data-suffix-id="fiesta-fiesta" 
                    data-test-result="xpassed" 
                    hidden="true" 
                    name="filter_checkbox" 
                    onChange="filter_table(this)" 
                    type="checkbox" 
                />
                <span class="xpassed">0 xpassed</span>
            <input 
                    checked="true" 
                    class="filter" 
                    data-suffix-id="fiesta-fiesta" 
                    data-test-result="xfailed" 
                    hidden="true" 
                    name="filter_checkbox" 
                    onChange="filter_table(this)" 
                    type="checkbox" 
                />
                <span class="xfailed">0 xfailed</span>
            
            <table class="results-table fiesta" id="results-table-fiesta">
                <thead id="_default-results-table-head">
                    <tr>
                        <th class="sortable result initial-sort" col="result">Result</th>
                        <th class="sortable" col="name">Test</th>
                        <th class="sortable numeric" col="duration">Duration</th>
                    </tr>
                    <tr hidden="true" id="not-found-messagefiesta">
                        <th colspan="3">No results found. Try to check the filters</th>
                    </tr>
                </thead>
                <tbody class="passed results-table-row">
                        <tr>
                            <td class="col-result">passed</td>
                            <td class="col-name">tests/test_main.py::test_fiesta_engine_cylinders[0-7]</td>
                            <td class="col-duration">0.001</td>
                        </tr>
                        <tr>
                            <td class="extra" colspan="3">
                                <div class="log">No log found.</div>
                            </td>
                        </tr>
                    </tbody><tbody class="passed results-table-row">
                        <tr>
                            <td class="col-result">passed</td>
                            <td class="col-name">tests/test_main.py::test_fiesta_engine_cylinders[1-7]</td>
                            <td class="col-duration">0.001</td>
                        </tr>
                        <tr>
                            <td class="extra" colspan="3">
                                <div class="log">No log found.</div>
                            </td>
                        </tr>
                    </tbody><tbody class="failed results-table-row">
                        <tr>
                            <td class="col-result">failed</td>
                            <td class="col-name">tests/test_main.py::test_fiesta_wheel_diameter_gt_12[0-7-0]</td>
                            <td class="col-duration">0.003</td>
                        </tr>
                        <tr>
                            <td class="extra" colspan="3">
                                <div class="log">fiesta = <racetest.ford.Fiesta object at 0x0000000004740208>, wheel_num = 0

    @pytest.mark.parametrize('wheel_num', [0,1,2,3])
    def test_fiesta_wheel_diameter_gt_12(fiesta, wheel_num):
        wheel = fiesta.wheels[wheel_num]
>       assert wheel.diameter >= 16
E       assert 15.767031314729584 >= 16
E        +  where 15.767031314729584 = <racetest.car.Wheel object at 0x00000000047400B8>.diameter

tests\test_main.py:19: AssertionError</div>
                            </td>
                        </tr>
                    </tbody><tbody class="passed results-table-row">
                        <tr>
                            <td class="col-result">passed</td>
                            <td class="col-name">tests/test_main.py::test_fiesta_wheel_diameter_gt_12[0-7-1]</td>
                            <td class="col-duration">0.001</td>
                        </tr>
                        <tr>
                            <td class="extra" colspan="3">
                                <div class="log">No log found.</div>
                            </td>
                        </tr>
                    </tbody><tbody class="passed results-table-row">
                        <tr>
                            <td class="col-result">passed</td>
                            <td class="col-name">tests/test_main.py::test_fiesta_wheel_diameter_gt_12[0-7-2]</td>
                            <td class="col-duration">0.002</td>
                        </tr>
                        <tr>
                            <td class="extra" colspan="3">
                                <div class="log">No log found.</div>
                            </td>
                        </tr>
                    </tbody><tbody class="failed results-table-row">
                        <tr>
                            <td class="col-result">failed</td>
                            <td class="col-name">tests/test_main.py::test_fiesta_wheel_diameter_gt_12[0-7-3]</td>
                            <td class="col-duration">0</td>
                        </tr>
                        <tr>
                            <td class="extra" colspan="3">
                                <div class="log">fiesta = <racetest.ford.Fiesta object at 0x0000000004748A20>, wheel_num = 3

    @pytest.mark.parametrize('wheel_num', [0,1,2,3])
    def test_fiesta_wheel_diameter_gt_12(fiesta, wheel_num):
        wheel = fiesta.wheels[wheel_num]
>       assert wheel.diameter >= 16
E       assert 15.12263784682729 >= 16
E        +  where 15.12263784682729 = <racetest.car.Wheel object at 0x00000000047487B8>.diameter

tests\test_main.py:19: AssertionError</div>
                            </td>
                        </tr>
                    </tbody><tbody class="failed results-table-row">
                        <tr>
                            <td class="col-result">failed</td>
                            <td class="col-name">tests/test_main.py::test_fiesta_wheel_diameter_gt_12[1-7-0]</td>
                            <td class="col-duration">0.001</td>
                        </tr>
                        <tr>
                            <td class="extra" colspan="3">
                                <div class="log">fiesta = <racetest.ford.Fiesta object at 0x00000000045F8E80>, wheel_num = 0

    @pytest.mark.parametrize('wheel_num', [0,1,2,3])
    def test_fiesta_wheel_diameter_gt_12(fiesta, wheel_num):
        wheel = fiesta.wheels[wheel_num]
>       assert wheel.diameter >= 16
E       assert 15.767031314729584 >= 16
E        +  where 15.767031314729584 = <racetest.car.Wheel object at 0x00000000045F8940>.diameter

tests\test_main.py:19: AssertionError</div>
                            </td>
                        </tr>
                    </tbody><tbody class="passed results-table-row">
                        <tr>
                            <td class="col-result">passed</td>
                            <td class="col-name">tests/test_main.py::test_fiesta_wheel_diameter_gt_12[1-7-1]</td>
                            <td class="col-duration">0.001</td>
                        </tr>
                        <tr>
                            <td class="extra" colspan="3">
                                <div class="log">No log found.</div>
                            </td>
                        </tr>
                    </tbody><tbody class="passed results-table-row">
                        <tr>
                            <td class="col-result">passed</td>
                            <td class="col-name">tests/test_main.py::test_fiesta_wheel_diameter_gt_12[1-7-2]</td>
                            <td class="col-duration">0.001</td>
                        </tr>
                        <tr>
                            <td class="extra" colspan="3">
                                <div class="log">No log found.</div>
                            </td>
                        </tr>
                    </tbody><tbody class="failed results-table-row">
                        <tr>
                            <td class="col-result">failed</td>
                            <td class="col-name">tests/test_main.py::test_fiesta_wheel_diameter_gt_12[1-7-3]</td>
                            <td class="col-duration">0</td>
                        </tr>
                        <tr>
                            <td class="extra" colspan="3">
                                <div class="log">fiesta = <racetest.ford.Fiesta object at 0x0000000004618160>, wheel_num = 3

    @pytest.mark.parametrize('wheel_num', [0,1,2,3])
    def test_fiesta_wheel_diameter_gt_12(fiesta, wheel_num):
        wheel = fiesta.wheels[wheel_num]
>       assert wheel.diameter >= 16
E       assert 15.12263784682729 >= 16
E        +  where 15.12263784682729 = <racetest.car.Wheel object at 0x0000000004687FD0>.diameter

tests\test_main.py:19: AssertionError</div>
                            </td>
                        </tr>
                    </tbody>
            </table>
        
    
        
    
        <h2>random_seed 8</h2>
        
            
            <table class="results-table summary-table">
                <tr>
                    <th>model</th>
                    <th>Pass %</th>
                    <th>Total Passed Tests</th>
                    <th>Total Skipped Tests</th>
                    <th>Total Failed Tests</th>
                    <th>Total Errors</th>
                    <th>Total xPassed Tests</th>
                    <th>Total xFailed Tests</th>
                </tr>
                <tr class="results-table-row">
                        <td onclick="scroll_to(this)" class="scroller" id="mustang">mustang</td>
                        <td class="summary-result rel_pass"></td>
                        <td class="summary-result">10</td>
                        <td class="summary-result">0</td>
                        <td class="summary-result">0</td>
                        <td class="summary-result">0</td>
                        <td class="summary-result">0</td>
                        <td class="summary-result">0</td>
                    </tr><tr class="results-table-row">
                        <td onclick="scroll_to(this)" class="scroller" id="fiesta">fiesta</td>
                        <td class="summary-result rel_pass"></td>
                        <td class="summary-result">8</td>
                        <td class="summary-result">0</td>
                        <td class="summary-result">2</td>
                        <td class="summary-result">0</td>
                        <td class="summary-result">0</td>
                        <td class="summary-result">0</td>
                    </tr>
                <tr style="font-weight:bold">
                    <td>Totals</td>
                    <td class="rel_pass"></td>
                    <td>18</td>
                    <td>0</td>
                    <td>2</td>
                    <td>0</td>
                    <td>0</td>
                    <td>0</td>
                </tr>
            </table>
            
            
        <h2>model mustang</h2>
        
            
            
            <input 
                    checked="true" 
                    class="filter" 
                    data-suffix-id="mustang-mustang" 
                    data-test-result="passed" 
                    hidden="true" 
                    name="filter_checkbox" 
                    onChange="filter_table(this)" 
                    type="checkbox" 
                />
                <span class="passed">10 passed</span>
            <input 
                    checked="true" 
                    class="filter" 
                    data-suffix-id="mustang-mustang" 
                    data-test-result="skipped" 
                    hidden="true" 
                    name="filter_checkbox" 
                    onChange="filter_table(this)" 
                    type="checkbox" 
                />
                <span class="skipped">0 skipped</span>
            <input 
                    checked="true" 
                    class="filter" 
                    data-suffix-id="mustang-mustang" 
                    data-test-result="failed" 
                    hidden="true" 
                    name="filter_checkbox" 
                    onChange="filter_table(this)" 
                    type="checkbox" 
                />
                <span class="failed">0 failed</span>
            <input 
                    checked="true" 
                    class="filter" 
                    data-suffix-id="mustang-mustang" 
                    data-test-result="error" 
                    hidden="true" 
                    name="filter_checkbox" 
                    onChange="filter_table(this)" 
                    type="checkbox" 
                />
                <span class="error">0 error</span>
            <input 
                    checked="true" 
                    class="filter" 
                    data-suffix-id="mustang-mustang" 
                    data-test-result="xpassed" 
                    hidden="true" 
                    name="filter_checkbox" 
                    onChange="filter_table(this)" 
                    type="checkbox" 
                />
                <span class="xpassed">0 xpassed</span>
            <input 
                    checked="true" 
                    class="filter" 
                    data-suffix-id="mustang-mustang" 
                    data-test-result="xfailed" 
                    hidden="true" 
                    name="filter_checkbox" 
                    onChange="filter_table(this)" 
                    type="checkbox" 
                />
                <span class="xfailed">0 xfailed</span>
            
            <table class="results-table mustang" id="results-table-mustang">
                <thead id="_default-results-table-head">
                    <tr>
                        <th class="sortable result initial-sort" col="result">Result</th>
                        <th class="sortable" col="name">Test</th>
                        <th class="sortable numeric" col="duration">Duration</th>
                    </tr>
                    <tr hidden="true" id="not-found-messagemustang">
                        <th colspan="3">No results found. Try to check the filters</th>
                    </tr>
                </thead>
                <tbody class="passed results-table-row">
                        <tr>
                            <td class="col-result">passed</td>
                            <td class="col-name">tests/test_main.py::test_mustang_engine_cylinders[0-8]</td>
                            <td class="col-duration">0.001</td>
                        </tr>
                        <tr>
                            <td class="extra" colspan="3">
                                <div class="log">No log found.</div>
                            </td>
                        </tr>
                    </tbody><tbody class="passed results-table-row">
                        <tr>
                            <td class="col-result">passed</td>
                            <td class="col-name">tests/test_main.py::test_mustang_engine_cylinders[1-8]</td>
                            <td class="col-duration">0.001</td>
                        </tr>
                        <tr>
                            <td class="extra" colspan="3">
                                <div class="log">No log found.</div>
                            </td>
                        </tr>
                    </tbody><tbody class="passed results-table-row">
                        <tr>
                            <td class="col-result">passed</td>
                            <td class="col-name">tests/test_main.py::test_mustang_wheel_diameter_gt_14[0-8-0]</td>
                            <td class="col-duration">0</td>
                        </tr>
                        <tr>
                            <td class="extra" colspan="3">
                                <div class="log">No log found.</div>
                            </td>
                        </tr>
                    </tbody><tbody class="passed results-table-row">
                        <tr>
                            <td class="col-result">passed</td>
                            <td class="col-name">tests/test_main.py::test_mustang_wheel_diameter_gt_14[0-8-1]</td>
                            <td class="col-duration">0.004</td>
                        </tr>
                        <tr>
                            <td class="extra" colspan="3">
                                <div class="log">No log found.</div>
                            </td>
                        </tr>
                    </tbody><tbody class="passed results-table-row">
                        <tr>
                            <td class="col-result">passed</td>
                            <td class="col-name">tests/test_main.py::test_mustang_wheel_diameter_gt_14[0-8-2]</td>
                            <td class="col-duration">0.002</td>
                        </tr>
                        <tr>
                            <td class="extra" colspan="3">
                                <div class="log">No log found.</div>
                            </td>
                        </tr>
                    </tbody><tbody class="passed results-table-row">
                        <tr>
                            <td class="col-result">passed</td>
                            <td class="col-name">tests/test_main.py::test_mustang_wheel_diameter_gt_14[0-8-3]</td>
                            <td class="col-duration">0.001</td>
                        </tr>
                        <tr>
                            <td class="extra" colspan="3">
                                <div class="log">No log found.</div>
                            </td>
                        </tr>
                    </tbody><tbody class="passed results-table-row">
                        <tr>
                            <td class="col-result">passed</td>
                            <td class="col-name">tests/test_main.py::test_mustang_wheel_diameter_gt_14[1-8-0]</td>
                            <td class="col-duration">0.001</td>
                        </tr>
                        <tr>
                            <td class="extra" colspan="3">
                                <div class="log">No log found.</div>
                            </td>
                        </tr>
                    </tbody><tbody class="passed results-table-row">
                        <tr>
                            <td class="col-result">passed</td>
                            <td class="col-name">tests/test_main.py::test_mustang_wheel_diameter_gt_14[1-8-1]</td>
                            <td class="col-duration">0.001</td>
                        </tr>
                        <tr>
                            <td class="extra" colspan="3">
                                <div class="log">No log found.</div>
                            </td>
                        </tr>
                    </tbody><tbody class="passed results-table-row">
                        <tr>
                            <td class="col-result">passed</td>
                            <td class="col-name">tests/test_main.py::test_mustang_wheel_diameter_gt_14[1-8-2]</td>
                            <td class="col-duration">0.002</td>
                        </tr>
                        <tr>
                            <td class="extra" colspan="3">
                                <div class="log">No log found.</div>
                            </td>
                        </tr>
                    </tbody><tbody class="passed results-table-row">
                        <tr>
                            <td class="col-result">passed</td>
                            <td class="col-name">tests/test_main.py::test_mustang_wheel_diameter_gt_14[1-8-3]</td>
                            <td class="col-duration">0.002</td>
                        </tr>
                        <tr>
                            <td class="extra" colspan="3">
                                <div class="log">No log found.</div>
                            </td>
                        </tr>
                    </tbody>
            </table>
        
    
        <h2>model fiesta</h2>
        
            
            
            <input 
                    checked="true" 
                    class="filter" 
                    data-suffix-id="fiesta-fiesta" 
                    data-test-result="passed" 
                    hidden="true" 
                    name="filter_checkbox" 
                    onChange="filter_table(this)" 
                    type="checkbox" 
                />
                <span class="passed">8 passed</span>
            <input 
                    checked="true" 
                    class="filter" 
                    data-suffix-id="fiesta-fiesta" 
                    data-test-result="skipped" 
                    hidden="true" 
                    name="filter_checkbox" 
                    onChange="filter_table(this)" 
                    type="checkbox" 
                />
                <span class="skipped">0 skipped</span>
            <input 
                    checked="true" 
                    class="filter" 
                    data-suffix-id="fiesta-fiesta" 
                    data-test-result="failed" 
                    hidden="true" 
                    name="filter_checkbox" 
                    onChange="filter_table(this)" 
                    type="checkbox" 
                />
                <span class="failed">2 failed</span>
            <input 
                    checked="true" 
                    class="filter" 
                    data-suffix-id="fiesta-fiesta" 
                    data-test-result="error" 
                    hidden="true" 
                    name="filter_checkbox" 
                    onChange="filter_table(this)" 
                    type="checkbox" 
                />
                <span class="error">0 error</span>
            <input 
                    checked="true" 
                    class="filter" 
                    data-suffix-id="fiesta-fiesta" 
                    data-test-result="xpassed" 
                    hidden="true" 
                    name="filter_checkbox" 
                    onChange="filter_table(this)" 
                    type="checkbox" 
                />
                <span class="xpassed">0 xpassed</span>
            <input 
                    checked="true" 
                    class="filter" 
                    data-suffix-id="fiesta-fiesta" 
                    data-test-result="xfailed" 
                    hidden="true" 
                    name="filter_checkbox" 
                    onChange="filter_table(this)" 
                    type="checkbox" 
                />
                <span class="xfailed">0 xfailed</span>
            
            <table class="results-table fiesta" id="results-table-fiesta">
                <thead id="_default-results-table-head">
                    <tr>
                        <th class="sortable result initial-sort" col="result">Result</th>
                        <th class="sortable" col="name">Test</th>
                        <th class="sortable numeric" col="duration">Duration</th>
                    </tr>
                    <tr hidden="true" id="not-found-messagefiesta">
                        <th colspan="3">No results found. Try to check the filters</th>
                    </tr>
                </thead>
                <tbody class="passed results-table-row">
                        <tr>
                            <td class="col-result">passed</td>
                            <td class="col-name">tests/test_main.py::test_fiesta_engine_cylinders[0-8]</td>
                            <td class="col-duration">0.003</td>
                        </tr>
                        <tr>
                            <td class="extra" colspan="3">
                                <div class="log">No log found.</div>
                            </td>
                        </tr>
                    </tbody><tbody class="passed results-table-row">
                        <tr>
                            <td class="col-result">passed</td>
                            <td class="col-name">tests/test_main.py::test_fiesta_engine_cylinders[1-8]</td>
                            <td class="col-duration">0.001</td>
                        </tr>
                        <tr>
                            <td class="extra" colspan="3">
                                <div class="log">No log found.</div>
                            </td>
                        </tr>
                    </tbody><tbody class="passed results-table-row">
                        <tr>
                            <td class="col-result">passed</td>
                            <td class="col-name">tests/test_main.py::test_fiesta_wheel_diameter_gt_12[0-8-0]</td>
                            <td class="col-duration">0.001</td>
                        </tr>
                        <tr>
                            <td class="extra" colspan="3">
                                <div class="log">No log found.</div>
                            </td>
                        </tr>
                    </tbody><tbody class="failed results-table-row">
                        <tr>
                            <td class="col-result">failed</td>
                            <td class="col-name">tests/test_main.py::test_fiesta_wheel_diameter_gt_12[0-8-1]</td>
                            <td class="col-duration">0</td>
                        </tr>
                        <tr>
                            <td class="extra" colspan="3">
                                <div class="log">fiesta = <racetest.ford.Fiesta object at 0x0000000004748470>, wheel_num = 1

    @pytest.mark.parametrize('wheel_num', [0,1,2,3])
    def test_fiesta_wheel_diameter_gt_12(fiesta, wheel_num):
        wheel = fiesta.wheels[wheel_num]
>       assert wheel.diameter >= 16
E       assert 15.306825233881531 >= 16
E        +  where 15.306825233881531 = <racetest.car.Wheel object at 0x0000000004722CF8>.diameter

tests\test_main.py:19: AssertionError</div>
                            </td>
                        </tr>
                    </tbody><tbody class="passed results-table-row">
                        <tr>
                            <td class="col-result">passed</td>
                            <td class="col-name">tests/test_main.py::test_fiesta_wheel_diameter_gt_12[0-8-2]</td>
                            <td class="col-duration">0.001</td>
                        </tr>
                        <tr>
                            <td class="extra" colspan="3">
                                <div class="log">No log found.</div>
                            </td>
                        </tr>
                    </tbody><tbody class="passed results-table-row">
                        <tr>
                            <td class="col-result">passed</td>
                            <td class="col-name">tests/test_main.py::test_fiesta_wheel_diameter_gt_12[0-8-3]</td>
                            <td class="col-duration">0.002</td>
                        </tr>
                        <tr>
                            <td class="extra" colspan="3">
                                <div class="log">No log found.</div>
                            </td>
                        </tr>
                    </tbody><tbody class="passed results-table-row">
                        <tr>
                            <td class="col-result">passed</td>
                            <td class="col-name">tests/test_main.py::test_fiesta_wheel_diameter_gt_12[1-8-0]</td>
                            <td class="col-duration">0.003</td>
                        </tr>
                        <tr>
                            <td class="extra" colspan="3">
                                <div class="log">No log found.</div>
                            </td>
                        </tr>
                    </tbody><tbody class="failed results-table-row">
                        <tr>
                            <td class="col-result">failed</td>
                            <td class="col-name">tests/test_main.py::test_fiesta_wheel_diameter_gt_12[1-8-1]</td>
                            <td class="col-duration">0.001</td>
                        </tr>
                        <tr>
                            <td class="extra" colspan="3">
                                <div class="log">fiesta = <racetest.ford.Fiesta object at 0x0000000004779438>, wheel_num = 1

    @pytest.mark.parametrize('wheel_num', [0,1,2,3])
    def test_fiesta_wheel_diameter_gt_12(fiesta, wheel_num):
        wheel = fiesta.wheels[wheel_num]
>       assert wheel.diameter >= 16
E       assert 15.306825233881531 >= 16
E        +  where 15.306825233881531 = <racetest.car.Wheel object at 0x0000000004779048>.diameter

tests\test_main.py:19: AssertionError</div>
                            </td>
                        </tr>
                    </tbody><tbody class="passed results-table-row">
                        <tr>
                            <td class="col-result">passed</td>
                            <td class="col-name">tests/test_main.py::test_fiesta_wheel_diameter_gt_12[1-8-2]</td>
                            <td class="col-duration">0.001</td>
                        </tr>
                        <tr>
                            <td class="extra" colspan="3">
                                <div class="log">No log found.</div>
                            </td>
                        </tr>
                    </tbody><tbody class="passed results-table-row">
                        <tr>
                            <td class="col-result">passed</td>
                            <td class="col-name">tests/test_main.py::test_fiesta_wheel_diameter_gt_12[1-8-3]</td>
                            <td class="col-duration">0.001</td>
                        </tr>
                        <tr>
                            <td class="extra" colspan="3">
                                <div class="log">No log found.</div>
                            </td>
                        </tr>
                    </tbody>
            </table>
        
    
        
    
        <h2>random_seed 9</h2>
        
            
            <table class="results-table summary-table">
                <tr>
                    <th>model</th>
                    <th>Pass %</th>
                    <th>Total Passed Tests</th>
                    <th>Total Skipped Tests</th>
                    <th>Total Failed Tests</th>
                    <th>Total Errors</th>
                    <th>Total xPassed Tests</th>
                    <th>Total xFailed Tests</th>
                </tr>
                <tr class="results-table-row">
                        <td onclick="scroll_to(this)" class="scroller" id="mustang">mustang</td>
                        <td class="summary-result rel_pass"></td>
                        <td class="summary-result">10</td>
                        <td class="summary-result">0</td>
                        <td class="summary-result">0</td>
                        <td class="summary-result">0</td>
                        <td class="summary-result">0</td>
                        <td class="summary-result">0</td>
                    </tr><tr class="results-table-row">
                        <td onclick="scroll_to(this)" class="scroller" id="fiesta">fiesta</td>
                        <td class="summary-result rel_pass"></td>
                        <td class="summary-result">2</td>
                        <td class="summary-result">0</td>
                        <td class="summary-result">8</td>
                        <td class="summary-result">0</td>
                        <td class="summary-result">0</td>
                        <td class="summary-result">0</td>
                    </tr>
                <tr style="font-weight:bold">
                    <td>Totals</td>
                    <td class="rel_pass"></td>
                    <td>12</td>
                    <td>0</td>
                    <td>8</td>
                    <td>0</td>
                    <td>0</td>
                    <td>0</td>
                </tr>
            </table>
            
            
        <h2>model mustang</h2>
        
            
            
            <input 
                    checked="true" 
                    class="filter" 
                    data-suffix-id="mustang-mustang" 
                    data-test-result="passed" 
                    hidden="true" 
                    name="filter_checkbox" 
                    onChange="filter_table(this)" 
                    type="checkbox" 
                />
                <span class="passed">10 passed</span>
            <input 
                    checked="true" 
                    class="filter" 
                    data-suffix-id="mustang-mustang" 
                    data-test-result="skipped" 
                    hidden="true" 
                    name="filter_checkbox" 
                    onChange="filter_table(this)" 
                    type="checkbox" 
                />
                <span class="skipped">0 skipped</span>
            <input 
                    checked="true" 
                    class="filter" 
                    data-suffix-id="mustang-mustang" 
                    data-test-result="failed" 
                    hidden="true" 
                    name="filter_checkbox" 
                    onChange="filter_table(this)" 
                    type="checkbox" 
                />
                <span class="failed">0 failed</span>
            <input 
                    checked="true" 
                    class="filter" 
                    data-suffix-id="mustang-mustang" 
                    data-test-result="error" 
                    hidden="true" 
                    name="filter_checkbox" 
                    onChange="filter_table(this)" 
                    type="checkbox" 
                />
                <span class="error">0 error</span>
            <input 
                    checked="true" 
                    class="filter" 
                    data-suffix-id="mustang-mustang" 
                    data-test-result="xpassed" 
                    hidden="true" 
                    name="filter_checkbox" 
                    onChange="filter_table(this)" 
                    type="checkbox" 
                />
                <span class="xpassed">0 xpassed</span>
            <input 
                    checked="true" 
                    class="filter" 
                    data-suffix-id="mustang-mustang" 
                    data-test-result="xfailed" 
                    hidden="true" 
                    name="filter_checkbox" 
                    onChange="filter_table(this)" 
                    type="checkbox" 
                />
                <span class="xfailed">0 xfailed</span>
            
            <table class="results-table mustang" id="results-table-mustang">
                <thead id="_default-results-table-head">
                    <tr>
                        <th class="sortable result initial-sort" col="result">Result</th>
                        <th class="sortable" col="name">Test</th>
                        <th class="sortable numeric" col="duration">Duration</th>
                    </tr>
                    <tr hidden="true" id="not-found-messagemustang">
                        <th colspan="3">No results found. Try to check the filters</th>
                    </tr>
                </thead>
                <tbody class="passed results-table-row">
                        <tr>
                            <td class="col-result">passed</td>
                            <td class="col-name">tests/test_main.py::test_mustang_engine_cylinders[0-9]</td>
                            <td class="col-duration">0.001</td>
                        </tr>
                        <tr>
                            <td class="extra" colspan="3">
                                <div class="log">No log found.</div>
                            </td>
                        </tr>
                    </tbody><tbody class="passed results-table-row">
                        <tr>
                            <td class="col-result">passed</td>
                            <td class="col-name">tests/test_main.py::test_mustang_engine_cylinders[1-9]</td>
                            <td class="col-duration">0.002</td>
                        </tr>
                        <tr>
                            <td class="extra" colspan="3">
                                <div class="log">No log found.</div>
                            </td>
                        </tr>
                    </tbody><tbody class="passed results-table-row">
                        <tr>
                            <td class="col-result">passed</td>
                            <td class="col-name">tests/test_main.py::test_mustang_wheel_diameter_gt_14[0-9-0]</td>
                            <td class="col-duration">0.001</td>
                        </tr>
                        <tr>
                            <td class="extra" colspan="3">
                                <div class="log">No log found.</div>
                            </td>
                        </tr>
                    </tbody><tbody class="passed results-table-row">
                        <tr>
                            <td class="col-result">passed</td>
                            <td class="col-name">tests/test_main.py::test_mustang_wheel_diameter_gt_14[0-9-1]</td>
                            <td class="col-duration">0.001</td>
                        </tr>
                        <tr>
                            <td class="extra" colspan="3">
                                <div class="log">No log found.</div>
                            </td>
                        </tr>
                    </tbody><tbody class="passed results-table-row">
                        <tr>
                            <td class="col-result">passed</td>
                            <td class="col-name">tests/test_main.py::test_mustang_wheel_diameter_gt_14[0-9-2]</td>
                            <td class="col-duration">0.002</td>
                        </tr>
                        <tr>
                            <td class="extra" colspan="3">
                                <div class="log">No log found.</div>
                            </td>
                        </tr>
                    </tbody><tbody class="passed results-table-row">
                        <tr>
                            <td class="col-result">passed</td>
                            <td class="col-name">tests/test_main.py::test_mustang_wheel_diameter_gt_14[0-9-3]</td>
                            <td class="col-duration">0.001</td>
                        </tr>
                        <tr>
                            <td class="extra" colspan="3">
                                <div class="log">No log found.</div>
                            </td>
                        </tr>
                    </tbody><tbody class="passed results-table-row">
                        <tr>
                            <td class="col-result">passed</td>
                            <td class="col-name">tests/test_main.py::test_mustang_wheel_diameter_gt_14[1-9-0]</td>
                            <td class="col-duration">0.001</td>
                        </tr>
                        <tr>
                            <td class="extra" colspan="3">
                                <div class="log">No log found.</div>
                            </td>
                        </tr>
                    </tbody><tbody class="passed results-table-row">
                        <tr>
                            <td class="col-result">passed</td>
                            <td class="col-name">tests/test_main.py::test_mustang_wheel_diameter_gt_14[1-9-1]</td>
                            <td class="col-duration">0.001</td>
                        </tr>
                        <tr>
                            <td class="extra" colspan="3">
                                <div class="log">No log found.</div>
                            </td>
                        </tr>
                    </tbody><tbody class="passed results-table-row">
                        <tr>
                            <td class="col-result">passed</td>
                            <td class="col-name">tests/test_main.py::test_mustang_wheel_diameter_gt_14[1-9-2]</td>
                            <td class="col-duration">0.001</td>
                        </tr>
                        <tr>
                            <td class="extra" colspan="3">
                                <div class="log">No log found.</div>
                            </td>
                        </tr>
                    </tbody><tbody class="passed results-table-row">
                        <tr>
                            <td class="col-result">passed</td>
                            <td class="col-name">tests/test_main.py::test_mustang_wheel_diameter_gt_14[1-9-3]</td>
                            <td class="col-duration">0.001</td>
                        </tr>
                        <tr>
                            <td class="extra" colspan="3">
                                <div class="log">No log found.</div>
                            </td>
                        </tr>
                    </tbody>
            </table>
        
    
        <h2>model fiesta</h2>
        
            
            
            <input 
                    checked="true" 
                    class="filter" 
                    data-suffix-id="fiesta-fiesta" 
                    data-test-result="passed" 
                    hidden="true" 
                    name="filter_checkbox" 
                    onChange="filter_table(this)" 
                    type="checkbox" 
                />
                <span class="passed">2 passed</span>
            <input 
                    checked="true" 
                    class="filter" 
                    data-suffix-id="fiesta-fiesta" 
                    data-test-result="skipped" 
                    hidden="true" 
                    name="filter_checkbox" 
                    onChange="filter_table(this)" 
                    type="checkbox" 
                />
                <span class="skipped">0 skipped</span>
            <input 
                    checked="true" 
                    class="filter" 
                    data-suffix-id="fiesta-fiesta" 
                    data-test-result="failed" 
                    hidden="true" 
                    name="filter_checkbox" 
                    onChange="filter_table(this)" 
                    type="checkbox" 
                />
                <span class="failed">8 failed</span>
            <input 
                    checked="true" 
                    class="filter" 
                    data-suffix-id="fiesta-fiesta" 
                    data-test-result="error" 
                    hidden="true" 
                    name="filter_checkbox" 
                    onChange="filter_table(this)" 
                    type="checkbox" 
                />
                <span class="error">0 error</span>
            <input 
                    checked="true" 
                    class="filter" 
                    data-suffix-id="fiesta-fiesta" 
                    data-test-result="xpassed" 
                    hidden="true" 
                    name="filter_checkbox" 
                    onChange="filter_table(this)" 
                    type="checkbox" 
                />
                <span class="xpassed">0 xpassed</span>
            <input 
                    checked="true" 
                    class="filter" 
                    data-suffix-id="fiesta-fiesta" 
                    data-test-result="xfailed" 
                    hidden="true" 
                    name="filter_checkbox" 
                    onChange="filter_table(this)" 
                    type="checkbox" 
                />
                <span class="xfailed">0 xfailed</span>
            
            <table class="results-table fiesta" id="results-table-fiesta">
                <thead id="_default-results-table-head">
                    <tr>
                        <th class="sortable result initial-sort" col="result">Result</th>
                        <th class="sortable" col="name">Test</th>
                        <th class="sortable numeric" col="duration">Duration</th>
                    </tr>
                    <tr hidden="true" id="not-found-messagefiesta">
                        <th colspan="3">No results found. Try to check the filters</th>
                    </tr>
                </thead>
                <tbody class="passed results-table-row">
                        <tr>
                            <td class="col-result">passed</td>
                            <td class="col-name">tests/test_main.py::test_fiesta_engine_cylinders[0-9]</td>
                            <td class="col-duration">0.002</td>
                        </tr>
                        <tr>
                            <td class="extra" colspan="3">
                                <div class="log">No log found.</div>
                            </td>
                        </tr>
                    </tbody><tbody class="passed results-table-row">
                        <tr>
                            <td class="col-result">passed</td>
                            <td class="col-name">tests/test_main.py::test_fiesta_engine_cylinders[1-9]</td>
                            <td class="col-duration">0.002</td>
                        </tr>
                        <tr>
                            <td class="extra" colspan="3">
                                <div class="log">No log found.</div>
                            </td>
                        </tr>
                    </tbody><tbody class="failed results-table-row">
                        <tr>
                            <td class="col-result">failed</td>
                            <td class="col-name">tests/test_main.py::test_fiesta_wheel_diameter_gt_12[0-9-0]</td>
                            <td class="col-duration">0.002</td>
                        </tr>
                        <tr>
                            <td class="extra" colspan="3">
                                <div class="log">fiesta = <racetest.ford.Fiesta object at 0x000000000474D1D0>, wheel_num = 0

    @pytest.mark.parametrize('wheel_num', [0,1,2,3])
    def test_fiesta_wheel_diameter_gt_12(fiesta, wheel_num):
        wheel = fiesta.wheels[wheel_num]
>       assert wheel.diameter >= 16
E       assert 15.855227965374901 >= 16
E        +  where 15.855227965374901 = <racetest.car.Wheel object at 0x000000000474D6D8>.diameter

tests\test_main.py:19: AssertionError</div>
                            </td>
                        </tr>
                    </tbody><tbody class="failed results-table-row">
                        <tr>
                            <td class="col-result">failed</td>
                            <td class="col-name">tests/test_main.py::test_fiesta_wheel_diameter_gt_12[0-9-1]</td>
                            <td class="col-duration">0.002</td>
                        </tr>
                        <tr>
                            <td class="extra" colspan="3">
                                <div class="log">fiesta = <racetest.ford.Fiesta object at 0x0000000004748B38>, wheel_num = 1

    @pytest.mark.parametrize('wheel_num', [0,1,2,3])
    def test_fiesta_wheel_diameter_gt_12(fiesta, wheel_num):
        wheel = fiesta.wheels[wheel_num]
>       assert wheel.diameter >= 16
E       assert 15.993558621627104 >= 16
E        +  where 15.993558621627104 = <racetest.car.Wheel object at 0x0000000004748CC0>.diameter

tests\test_main.py:19: AssertionError</div>
                            </td>
                        </tr>
                    </tbody><tbody class="failed results-table-row">
                        <tr>
                            <td class="col-result">failed</td>
                            <td class="col-name">tests/test_main.py::test_fiesta_wheel_diameter_gt_12[0-9-2]</td>
                            <td class="col-duration">0</td>
                        </tr>
                        <tr>
                            <td class="extra" colspan="3">
                                <div class="log">fiesta = <racetest.ford.Fiesta object at 0x0000000004753908>, wheel_num = 2

    @pytest.mark.parametrize('wheel_num', [0,1,2,3])
    def test_fiesta_wheel_diameter_gt_12(fiesta, wheel_num):
        wheel = fiesta.wheels[wheel_num]
>       assert wheel.diameter >= 16
E       assert 15.759432318561547 >= 16
E        +  where 15.759432318561547 = <racetest.car.Wheel object at 0x0000000004753FD0>.diameter

tests\test_main.py:19: AssertionError</div>
                            </td>
                        </tr>
                    </tbody><tbody class="failed results-table-row">
                        <tr>
                            <td class="col-result">failed</td>
                            <td class="col-name">tests/test_main.py::test_fiesta_wheel_diameter_gt_12[0-9-3]</td>
                            <td class="col-duration">0.002</td>
                        </tr>
                        <tr>
                            <td class="extra" colspan="3">
                                <div class="log">fiesta = <racetest.ford.Fiesta object at 0x0000000004753A58>, wheel_num = 3

    @pytest.mark.parametrize('wheel_num', [0,1,2,3])
    def test_fiesta_wheel_diameter_gt_12(fiesta, wheel_num):
        wheel = fiesta.wheels[wheel_num]
>       assert wheel.diameter >= 16
E       assert 15.754564009389126 >= 16
E        +  where 15.754564009389126 = <racetest.car.Wheel object at 0x0000000004753E10>.diameter

tests\test_main.py:19: AssertionError</div>
                            </td>
                        </tr>
                    </tbody><tbody class="failed results-table-row">
                        <tr>
                            <td class="col-result">failed</td>
                            <td class="col-name">tests/test_main.py::test_fiesta_wheel_diameter_gt_12[1-9-0]</td>
                            <td class="col-duration">0.002</td>
                        </tr>
                        <tr>
                            <td class="extra" colspan="3">
                                <div class="log">fiesta = <racetest.ford.Fiesta object at 0x000000000478A400>, wheel_num = 0

    @pytest.mark.parametrize('wheel_num', [0,1,2,3])
    def test_fiesta_wheel_diameter_gt_12(fiesta, wheel_num):
        wheel = fiesta.wheels[wheel_num]
>       assert wheel.diameter >= 16
E       assert 15.855227965374901 >= 16
E        +  where 15.855227965374901 = <racetest.car.Wheel object at 0x000000000478A278>.diameter

tests\test_main.py:19: AssertionError</div>
                            </td>
                        </tr>
                    </tbody><tbody class="failed results-table-row">
                        <tr>
                            <td class="col-result">failed</td>
                            <td class="col-name">tests/test_main.py::test_fiesta_wheel_diameter_gt_12[1-9-1]</td>
                            <td class="col-duration">0.003</td>
                        </tr>
                        <tr>
                            <td class="extra" colspan="3">
                                <div class="log">fiesta = <racetest.ford.Fiesta object at 0x0000000004655940>, wheel_num = 1

    @pytest.mark.parametrize('wheel_num', [0,1,2,3])
    def test_fiesta_wheel_diameter_gt_12(fiesta, wheel_num):
        wheel = fiesta.wheels[wheel_num]
>       assert wheel.diameter >= 16
E       assert 15.993558621627104 >= 16
E        +  where 15.993558621627104 = <racetest.car.Wheel object at 0x00000000046550B8>.diameter

tests\test_main.py:19: AssertionError</div>
                            </td>
                        </tr>
                    </tbody><tbody class="failed results-table-row">
                        <tr>
                            <td class="col-result">failed</td>
                            <td class="col-name">tests/test_main.py::test_fiesta_wheel_diameter_gt_12[1-9-2]</td>
                            <td class="col-duration">0.001</td>
                        </tr>
                        <tr>
                            <td class="extra" colspan="3">
                                <div class="log">fiesta = <racetest.ford.Fiesta object at 0x000000000479A240>, wheel_num = 2

    @pytest.mark.parametrize('wheel_num', [0,1,2,3])
    def test_fiesta_wheel_diameter_gt_12(fiesta, wheel_num):
        wheel = fiesta.wheels[wheel_num]
>       assert wheel.diameter >= 16
E       assert 15.759432318561547 >= 16
E        +  where 15.759432318561547 = <racetest.car.Wheel object at 0x000000000479A2E8>.diameter

tests\test_main.py:19: AssertionError</div>
                            </td>
                        </tr>
                    </tbody><tbody class="failed results-table-row">
                        <tr>
                            <td class="col-result">failed</td>
                            <td class="col-name">tests/test_main.py::test_fiesta_wheel_diameter_gt_12[1-9-3]</td>
                            <td class="col-duration">0.002</td>
                        </tr>
                        <tr>
                            <td class="extra" colspan="3">
                                <div class="log">fiesta = <racetest.ford.Fiesta object at 0x0000000004779518>, wheel_num = 3

    @pytest.mark.parametrize('wheel_num', [0,1,2,3])
    def test_fiesta_wheel_diameter_gt_12(fiesta, wheel_num):
        wheel = fiesta.wheels[wheel_num]
>       assert wheel.diameter >= 16
E       assert 15.754564009389126 >= 16
E        +  where 15.754564009389126 = <racetest.car.Wheel object at 0x0000000004655EF0>.diameter

tests\test_main.py:19: AssertionError</div>
                            </td>
                        </tr>
                    </tbody>
            </table>
        
    
        
    
        
    
</body>
</html>